Flow report for MIC1
Sun Aug 18 20:55:22 2024
Quartus II 64-Bit Version 13.0.1 Build 232 06/12/2013 Service Pack 1 SJ Web Edition


---------------------
; Table of Contents ;
---------------------
  1. Legal Notice
  2. Flow Summary
  3. Flow Settings
  4. Flow Non-Default Global Settings
  5. Flow Elapsed Time
  6. Flow OS Summary
  7. Flow Log
  8. Flow Messages
  9. Flow Suppressed Messages



----------------
; Legal Notice ;
----------------
Copyright (C) 1991-2013 Altera Corporation
Your use of Altera Corporation's design tools, logic functions 
and other software and tools, and its AMPP partner logic 
functions, and any output files from any of the foregoing 
(including device programming or simulation files), and any 
associated documentation or information are expressly subject 
to the terms and conditions of the Altera Program License 
Subscription Agreement, Altera MegaCore Function License 
Agreement, or other applicable license agreement, including, 
without limitation, that your use is for the sole purpose of 
programming logic devices manufactured by Altera and sold by 
Altera or its authorized distributors.  Please refer to the 
applicable agreement for further details.



+--------------------------------------------------------------------------------------+
; Flow Summary                                                                         ;
+------------------------------------+-------------------------------------------------+
; Flow Status                        ; Successful - Sun Aug 18 20:55:22 2024           ;
; Quartus II 64-Bit Version          ; 13.0.1 Build 232 06/12/2013 SP 1 SJ Web Edition ;
; Revision Name                      ; MIC1                                            ;
; Top-level Entity Name              ; register_32bit                                  ;
; Family                             ; Cyclone II                                      ;
; Device                             ; EP2C70F896I8                                    ;
; Timing Models                      ; Final                                           ;
; Total logic elements               ; 0 / 68,416 ( 0 % )                              ;
;     Total combinational functions  ; 0 / 68,416 ( 0 % )                              ;
;     Dedicated logic registers      ; 0 / 68,416 ( 0 % )                              ;
; Total registers                    ; 0                                               ;
; Total pins                         ; 166 / 622 ( 27 % )                              ;
; Total virtual pins                 ; 0                                               ;
; Total memory bits                  ; 0 / 1,152,000 ( 0 % )                           ;
; Embedded Multiplier 9-bit elements ; 0 / 300 ( 0 % )                                 ;
; Total PLLs                         ; 0 / 4 ( 0 % )                                   ;
+------------------------------------+-------------------------------------------------+


+-----------------------------------------+
; Flow Settings                           ;
+-------------------+---------------------+
; Option            ; Setting             ;
+-------------------+---------------------+
; Start date & time ; 08/18/2024 20:55:07 ;
; Main task         ; Compilation         ;
; Revision Name     ; MIC1                ;
+-------------------+---------------------+


+------------------------------------------------------------------------------------------------------------------------+
; Flow Non-Default Global Settings                                                                                       ;
+-------------------------------------+--------------------------------+---------------+----------------+----------------+
; Assignment Name                     ; Value                          ; Default Value ; Entity Name    ; Section Id     ;
+-------------------------------------+--------------------------------+---------------+----------------+----------------+
; COMPILER_SIGNATURE_ID               ; 97226908169579.172402530706312 ; --            ; --             ; --             ;
; EDA_GENERATE_FUNCTIONAL_NETLIST     ; On                             ; --            ; --             ; eda_simulation ;
; EDA_OUTPUT_DATA_FORMAT              ; Verilog Hdl                    ; --            ; --             ; eda_simulation ;
; EDA_SIMULATION_TOOL                 ; ModelSim-Altera (Verilog)      ; <None>        ; --             ; --             ;
; EDA_TIME_SCALE                      ; 1 ps                           ; --            ; --             ; eda_simulation ;
; MAX_CORE_JUNCTION_TEMP              ; 125                            ; --            ; --             ; --             ;
; MIN_CORE_JUNCTION_TEMP              ; -40                            ; --            ; --             ; --             ;
; PARTITION_COLOR                     ; 16764057                       ; --            ; register_32bit ; Top            ;
; PARTITION_FITTER_PRESERVATION_LEVEL ; PLACEMENT_AND_ROUTING          ; --            ; register_32bit ; Top            ;
; PARTITION_NETLIST_TYPE              ; SOURCE                         ; --            ; register_32bit ; Top            ;
; PROJECT_OUTPUT_DIRECTORY            ; output_files                   ; --            ; --             ; --             ;
; TOP_LEVEL_ENTITY                    ; register_32bit                 ; MIC1          ; --             ; --             ;
+-------------------------------------+--------------------------------+---------------+----------------+----------------+


+-------------------------------------------------------------------------------------------------------------------------------+
; Flow Elapsed Time                                                                                                             ;
+---------------------------+--------------+-------------------------+---------------------+------------------------------------+
; Module Name               ; Elapsed Time ; Average Processors Used ; Peak Virtual Memory ; Total CPU Time (on all processors) ;
+---------------------------+--------------+-------------------------+---------------------+------------------------------------+
; Analysis & Synthesis      ; 00:00:00     ; 1.0                     ; 4593 MB             ; 00:00:00                           ;
; Fitter                    ; 00:00:07     ; 1.0                     ; 4979 MB             ; 00:00:03                           ;
; Assembler                 ; 00:00:03     ; 1.0                     ; 4565 MB             ; 00:00:02                           ;
; TimeQuest Timing Analyzer ; 00:00:01     ; 1.0                     ; 4546 MB             ; 00:00:00                           ;
; EDA Netlist Writer        ; 00:00:01     ; 1.0                     ; 4512 MB             ; 00:00:00                           ;
; Total                     ; 00:00:12     ; --                      ; --                  ; 00:00:05                           ;
+---------------------------+--------------+-------------------------+---------------------+------------------------------------+


+----------------------------------------------------------------------------------------+
; Flow OS Summary                                                                        ;
+---------------------------+------------------+-----------+------------+----------------+
; Module Name               ; Machine Hostname ; OS Name   ; OS Version ; Processor type ;
+---------------------------+------------------+-----------+------------+----------------+
; Analysis & Synthesis      ; Duda             ; Windows 7 ; 6.2        ; x86_64         ;
; Fitter                    ; Duda             ; Windows 7 ; 6.2        ; x86_64         ;
; Assembler                 ; Duda             ; Windows 7 ; 6.2        ; x86_64         ;
; TimeQuest Timing Analyzer ; Duda             ; Windows 7 ; 6.2        ; x86_64         ;
; EDA Netlist Writer        ; Duda             ; Windows 7 ; 6.2        ; x86_64         ;
+---------------------------+------------------+-----------+------------+----------------+


------------
; Flow Log ;
------------
quartus_map --read_settings_files=on --write_settings_files=off MIC1 -c MIC1
quartus_fit --read_settings_files=off --write_settings_files=off MIC1 -c MIC1
quartus_asm --read_settings_files=off --write_settings_files=off MIC1 -c MIC1
quartus_sta MIC1 -c MIC1
quartus_eda --read_settings_files=off --write_settings_files=off MIC1 -c MIC1



