TimeQuest Timing Analyzer report for MIC1
Mon Aug 19 10:16:59 2024
Quartus II 64-Bit Version 13.0.1 Build 232 06/12/2013 Service Pack 1 SJ Web Edition


---------------------
; Table of Contents ;
---------------------
  1. Legal Notice
  2. TimeQuest Timing Analyzer Summary
  3. Parallel Compilation
  4. Clocks
  5. Slow Model Fmax Summary
  6. Slow Model Setup Summary
  7. Slow Model Hold Summary
  8. Slow Model Recovery Summary
  9. Slow Model Removal Summary
 10. Slow Model Minimum Pulse Width Summary
 11. Propagation Delay
 12. Minimum Propagation Delay
 13. Fast Model Setup Summary
 14. Fast Model Hold Summary
 15. Fast Model Recovery Summary
 16. Fast Model Removal Summary
 17. Fast Model Minimum Pulse Width Summary
 18. Propagation Delay
 19. Minimum Propagation Delay
 20. Multicorner Timing Analysis Summary
 21. Progagation Delay
 22. Minimum Progagation Delay
 23. Clock Transfers
 24. Report TCCS
 25. Report RSKM
 26. Unconstrained Paths
 27. TimeQuest Timing Analyzer Messages



----------------
; Legal Notice ;
----------------
Copyright (C) 1991-2013 Altera Corporation
Your use of Altera Corporation's design tools, logic functions 
and other software and tools, and its AMPP partner logic 
functions, and any output files from any of the foregoing 
(including device programming or simulation files), and any 
associated documentation or information are expressly subject 
to the terms and conditions of the Altera Program License 
Subscription Agreement, Altera MegaCore Function License 
Agreement, or other applicable license agreement, including, 
without limitation, that your use is for the sole purpose of 
programming logic devices manufactured by Altera and sold by 
Altera or its authorized distributors.  Please refer to the 
applicable agreement for further details.



+----------------------------------------------------------------------------------------+
; TimeQuest Timing Analyzer Summary                                                      ;
+--------------------+-------------------------------------------------------------------+
; Quartus II Version ; Version 13.0.1 Build 232 06/12/2013 Service Pack 1 SJ Web Edition ;
; Revision Name      ; MIC1                                                              ;
; Device Family      ; Cyclone II                                                        ;
; Device Name        ; EP2C70F896I8                                                      ;
; Timing Models      ; Final                                                             ;
; Delay Model        ; Combined                                                          ;
; Rise/Fall Delays   ; Unavailable                                                       ;
+--------------------+-------------------------------------------------------------------+


Parallel compilation was disabled, but you have multiple processors available. Enable parallel compilation to reduce compilation time.
+-------------------------------------+
; Parallel Compilation                ;
+----------------------------+--------+
; Processors                 ; Number ;
+----------------------------+--------+
; Number detected on machine ; 16     ;
; Maximum allowed            ; 1      ;
+----------------------------+--------+


----------
; Clocks ;
----------
No clocks to report.


---------------------------
; Slow Model Fmax Summary ;
---------------------------
No paths to report.


----------------------------
; Slow Model Setup Summary ;
----------------------------
No paths to report.


---------------------------
; Slow Model Hold Summary ;
---------------------------
No paths to report.


-------------------------------
; Slow Model Recovery Summary ;
-------------------------------
No paths to report.


------------------------------
; Slow Model Removal Summary ;
------------------------------
No paths to report.


------------------------------------------
; Slow Model Minimum Pulse Width Summary ;
------------------------------------------
No paths to report.


+--------------------------------------------------------------+
; Propagation Delay                                            ;
+------------+-------------+--------+--------+--------+--------+
; Input Port ; Output Port ; RR     ; RF     ; FR     ; FF     ;
+------------+-------------+--------+--------+--------+--------+
; MIR[0]     ; OUT_B[0]    ; 12.705 ; 12.705 ; 12.705 ; 12.705 ;
; MIR[0]     ; OUT_B[1]    ; 15.769 ; 15.769 ; 15.769 ; 15.769 ;
; MIR[0]     ; OUT_B[2]    ; 12.298 ; 12.298 ; 12.298 ; 12.298 ;
; MIR[0]     ; OUT_B[3]    ; 15.137 ; 15.137 ; 15.137 ; 15.137 ;
; MIR[0]     ; OUT_B[4]    ; 15.709 ; 15.709 ; 15.709 ; 15.709 ;
; MIR[0]     ; OUT_B[5]    ; 16.325 ; 16.325 ; 16.325 ; 16.325 ;
; MIR[0]     ; OUT_B[6]    ; 11.549 ; 11.549 ; 11.549 ; 11.549 ;
; MIR[0]     ; OUT_B[7]    ; 15.745 ; 15.745 ; 15.745 ; 15.745 ;
; MIR[0]     ; OUT_B[8]    ; 15.709 ; 15.709 ; 15.709 ; 15.709 ;
; MIR[0]     ; OUT_B[9]    ; 18.459 ; 18.459 ; 18.459 ; 18.459 ;
; MIR[0]     ; OUT_B[10]   ; 18.765 ; 18.765 ; 18.765 ; 18.765 ;
; MIR[0]     ; OUT_B[11]   ; 16.148 ; 16.148 ; 16.148 ; 16.148 ;
; MIR[0]     ; OUT_B[12]   ; 19.665 ; 19.665 ; 19.665 ; 19.665 ;
; MIR[0]     ; OUT_B[13]   ; 19.882 ; 19.882 ; 19.882 ; 19.882 ;
; MIR[0]     ; OUT_B[14]   ; 11.169 ; 11.169 ; 11.169 ; 11.169 ;
; MIR[0]     ; OUT_B[15]   ; 10.744 ; 10.744 ; 10.744 ; 10.744 ;
; MIR[0]     ; OUT_B[16]   ; 10.746 ; 10.746 ; 10.746 ; 10.746 ;
; MIR[0]     ; OUT_B[17]   ; 10.737 ; 10.737 ; 10.737 ; 10.737 ;
; MIR[0]     ; OUT_B[18]   ; 13.400 ; 13.400 ; 13.400 ; 13.400 ;
; MIR[0]     ; OUT_B[19]   ; 16.384 ; 16.384 ; 16.384 ; 16.384 ;
; MIR[0]     ; OUT_B[20]   ; 15.190 ; 15.190 ; 15.190 ; 15.190 ;
; MIR[0]     ; OUT_B[21]   ; 18.418 ; 18.418 ; 18.418 ; 18.418 ;
; MIR[0]     ; OUT_B[22]   ; 10.712 ; 10.712 ; 10.712 ; 10.712 ;
; MIR[0]     ; OUT_B[23]   ; 14.984 ; 14.984 ; 14.984 ; 14.984 ;
; MIR[0]     ; OUT_B[24]   ; 19.126 ; 19.126 ; 19.126 ; 19.126 ;
; MIR[0]     ; OUT_B[25]   ; 14.408 ; 14.408 ; 14.408 ; 14.408 ;
; MIR[0]     ; OUT_B[26]   ; 16.247 ; 16.247 ; 16.247 ; 16.247 ;
; MIR[0]     ; OUT_B[27]   ; 17.446 ; 17.446 ; 17.446 ; 17.446 ;
; MIR[0]     ; OUT_B[28]   ; 16.204 ; 16.204 ; 16.204 ; 16.204 ;
; MIR[0]     ; OUT_B[29]   ; 20.292 ; 20.292 ; 20.292 ; 20.292 ;
; MIR[0]     ; OUT_B[30]   ; 15.055 ; 15.055 ; 15.055 ; 15.055 ;
; MIR[0]     ; OUT_B[31]   ; 10.764 ; 10.764 ; 10.764 ; 10.764 ;
; MIR[1]     ; OUT_B[0]    ; 12.898 ; 12.898 ; 12.898 ; 12.898 ;
; MIR[1]     ; OUT_B[1]    ; 15.962 ; 15.962 ; 15.962 ; 15.962 ;
; MIR[1]     ; OUT_B[2]    ; 12.491 ; 12.491 ; 12.491 ; 12.491 ;
; MIR[1]     ; OUT_B[3]    ; 15.330 ; 15.330 ; 15.330 ; 15.330 ;
; MIR[1]     ; OUT_B[4]    ; 15.902 ; 15.902 ; 15.902 ; 15.902 ;
; MIR[1]     ; OUT_B[5]    ; 16.518 ; 16.518 ; 16.518 ; 16.518 ;
; MIR[1]     ; OUT_B[6]    ; 11.742 ; 11.742 ; 11.742 ; 11.742 ;
; MIR[1]     ; OUT_B[7]    ; 15.938 ; 15.938 ; 15.938 ; 15.938 ;
; MIR[1]     ; OUT_B[8]    ; 15.902 ; 15.902 ; 15.902 ; 15.902 ;
; MIR[1]     ; OUT_B[9]    ; 18.652 ; 18.652 ; 18.652 ; 18.652 ;
; MIR[1]     ; OUT_B[10]   ; 18.958 ; 18.958 ; 18.958 ; 18.958 ;
; MIR[1]     ; OUT_B[11]   ; 16.341 ; 16.341 ; 16.341 ; 16.341 ;
; MIR[1]     ; OUT_B[12]   ; 19.858 ; 19.858 ; 19.858 ; 19.858 ;
; MIR[1]     ; OUT_B[13]   ; 20.075 ; 20.075 ; 20.075 ; 20.075 ;
; MIR[1]     ; OUT_B[14]   ; 11.362 ; 11.362 ; 11.362 ; 11.362 ;
; MIR[1]     ; OUT_B[15]   ; 10.937 ; 10.937 ; 10.937 ; 10.937 ;
; MIR[1]     ; OUT_B[16]   ; 10.939 ; 10.939 ; 10.939 ; 10.939 ;
; MIR[1]     ; OUT_B[17]   ; 10.930 ; 10.930 ; 10.930 ; 10.930 ;
; MIR[1]     ; OUT_B[18]   ; 13.593 ; 13.593 ; 13.593 ; 13.593 ;
; MIR[1]     ; OUT_B[19]   ; 16.577 ; 16.577 ; 16.577 ; 16.577 ;
; MIR[1]     ; OUT_B[20]   ; 15.383 ; 15.383 ; 15.383 ; 15.383 ;
; MIR[1]     ; OUT_B[21]   ; 18.611 ; 18.611 ; 18.611 ; 18.611 ;
; MIR[1]     ; OUT_B[22]   ; 10.905 ; 10.905 ; 10.905 ; 10.905 ;
; MIR[1]     ; OUT_B[23]   ; 15.177 ; 15.177 ; 15.177 ; 15.177 ;
; MIR[1]     ; OUT_B[24]   ; 19.319 ; 19.319 ; 19.319 ; 19.319 ;
; MIR[1]     ; OUT_B[25]   ; 14.601 ; 14.601 ; 14.601 ; 14.601 ;
; MIR[1]     ; OUT_B[26]   ; 16.440 ; 16.440 ; 16.440 ; 16.440 ;
; MIR[1]     ; OUT_B[27]   ; 17.639 ; 17.639 ; 17.639 ; 17.639 ;
; MIR[1]     ; OUT_B[28]   ; 16.397 ; 16.397 ; 16.397 ; 16.397 ;
; MIR[1]     ; OUT_B[29]   ; 20.485 ; 20.485 ; 20.485 ; 20.485 ;
; MIR[1]     ; OUT_B[30]   ; 15.248 ; 15.248 ; 15.248 ; 15.248 ;
; MIR[1]     ; OUT_B[31]   ; 10.957 ; 10.957 ; 10.957 ; 10.957 ;
; MIR[2]     ; OUT_B[0]    ; 12.993 ; 12.993 ; 12.993 ; 12.993 ;
; MIR[2]     ; OUT_B[1]    ; 16.057 ; 16.057 ; 16.057 ; 16.057 ;
; MIR[2]     ; OUT_B[2]    ; 12.586 ; 12.586 ; 12.586 ; 12.586 ;
; MIR[2]     ; OUT_B[3]    ; 15.425 ; 15.425 ; 15.425 ; 15.425 ;
; MIR[2]     ; OUT_B[4]    ; 15.997 ; 15.997 ; 15.997 ; 15.997 ;
; MIR[2]     ; OUT_B[5]    ; 16.613 ; 16.613 ; 16.613 ; 16.613 ;
; MIR[2]     ; OUT_B[6]    ; 11.837 ; 11.837 ; 11.837 ; 11.837 ;
; MIR[2]     ; OUT_B[7]    ; 16.033 ; 16.033 ; 16.033 ; 16.033 ;
; MIR[2]     ; OUT_B[8]    ; 15.997 ; 15.997 ; 15.997 ; 15.997 ;
; MIR[2]     ; OUT_B[9]    ; 18.747 ; 18.747 ; 18.747 ; 18.747 ;
; MIR[2]     ; OUT_B[10]   ; 19.053 ; 19.053 ; 19.053 ; 19.053 ;
; MIR[2]     ; OUT_B[11]   ; 16.436 ; 16.436 ; 16.436 ; 16.436 ;
; MIR[2]     ; OUT_B[12]   ; 19.953 ; 19.953 ; 19.953 ; 19.953 ;
; MIR[2]     ; OUT_B[13]   ; 20.170 ; 20.170 ; 20.170 ; 20.170 ;
; MIR[2]     ; OUT_B[14]   ; 11.457 ; 11.457 ; 11.457 ; 11.457 ;
; MIR[2]     ; OUT_B[15]   ; 11.032 ; 11.032 ; 11.032 ; 11.032 ;
; MIR[2]     ; OUT_B[16]   ; 11.034 ; 11.034 ; 11.034 ; 11.034 ;
; MIR[2]     ; OUT_B[17]   ; 11.025 ; 11.025 ; 11.025 ; 11.025 ;
; MIR[2]     ; OUT_B[18]   ; 13.688 ; 13.688 ; 13.688 ; 13.688 ;
; MIR[2]     ; OUT_B[19]   ; 16.672 ; 16.672 ; 16.672 ; 16.672 ;
; MIR[2]     ; OUT_B[20]   ; 15.478 ; 15.478 ; 15.478 ; 15.478 ;
; MIR[2]     ; OUT_B[21]   ; 18.706 ; 18.706 ; 18.706 ; 18.706 ;
; MIR[2]     ; OUT_B[22]   ; 11.000 ; 11.000 ; 11.000 ; 11.000 ;
; MIR[2]     ; OUT_B[23]   ; 15.272 ; 15.272 ; 15.272 ; 15.272 ;
; MIR[2]     ; OUT_B[24]   ; 19.414 ; 19.414 ; 19.414 ; 19.414 ;
; MIR[2]     ; OUT_B[25]   ; 14.696 ; 14.696 ; 14.696 ; 14.696 ;
; MIR[2]     ; OUT_B[26]   ; 16.535 ; 16.535 ; 16.535 ; 16.535 ;
; MIR[2]     ; OUT_B[27]   ; 17.734 ; 17.734 ; 17.734 ; 17.734 ;
; MIR[2]     ; OUT_B[28]   ; 16.492 ; 16.492 ; 16.492 ; 16.492 ;
; MIR[2]     ; OUT_B[29]   ; 20.580 ; 20.580 ; 20.580 ; 20.580 ;
; MIR[2]     ; OUT_B[30]   ; 15.343 ; 15.343 ; 15.343 ; 15.343 ;
; MIR[2]     ; OUT_B[31]   ; 11.052 ; 11.052 ; 11.052 ; 11.052 ;
; MIR[3]     ; OUT_B[0]    ; 12.494 ; 12.494 ; 12.494 ; 12.494 ;
; MIR[3]     ; OUT_B[1]    ; 15.558 ; 15.558 ; 15.558 ; 15.558 ;
; MIR[3]     ; OUT_B[2]    ; 12.087 ; 12.087 ; 12.087 ; 12.087 ;
; MIR[3]     ; OUT_B[3]    ; 14.926 ; 14.926 ; 14.926 ; 14.926 ;
; MIR[3]     ; OUT_B[4]    ; 15.498 ; 15.498 ; 15.498 ; 15.498 ;
; MIR[3]     ; OUT_B[5]    ; 16.114 ; 16.114 ; 16.114 ; 16.114 ;
; MIR[3]     ; OUT_B[6]    ; 11.338 ; 11.338 ; 11.338 ; 11.338 ;
; MIR[3]     ; OUT_B[7]    ; 15.534 ; 15.534 ; 15.534 ; 15.534 ;
; MIR[3]     ; OUT_B[8]    ; 15.498 ; 15.498 ; 15.498 ; 15.498 ;
; MIR[3]     ; OUT_B[9]    ; 18.248 ; 18.248 ; 18.248 ; 18.248 ;
; MIR[3]     ; OUT_B[10]   ; 18.554 ; 18.554 ; 18.554 ; 18.554 ;
; MIR[3]     ; OUT_B[11]   ; 15.937 ; 15.937 ; 15.937 ; 15.937 ;
; MIR[3]     ; OUT_B[12]   ; 19.454 ; 19.454 ; 19.454 ; 19.454 ;
; MIR[3]     ; OUT_B[13]   ; 19.671 ; 19.671 ; 19.671 ; 19.671 ;
; MIR[3]     ; OUT_B[14]   ; 10.958 ; 10.958 ; 10.958 ; 10.958 ;
; MIR[3]     ; OUT_B[15]   ; 10.533 ; 10.533 ; 10.533 ; 10.533 ;
; MIR[3]     ; OUT_B[16]   ; 10.535 ; 10.535 ; 10.535 ; 10.535 ;
; MIR[3]     ; OUT_B[17]   ; 10.526 ; 10.526 ; 10.526 ; 10.526 ;
; MIR[3]     ; OUT_B[18]   ; 13.189 ; 13.189 ; 13.189 ; 13.189 ;
; MIR[3]     ; OUT_B[19]   ; 16.173 ; 16.173 ; 16.173 ; 16.173 ;
; MIR[3]     ; OUT_B[20]   ; 14.979 ; 14.979 ; 14.979 ; 14.979 ;
; MIR[3]     ; OUT_B[21]   ; 18.207 ; 18.207 ; 18.207 ; 18.207 ;
; MIR[3]     ; OUT_B[22]   ; 10.501 ; 10.501 ; 10.501 ; 10.501 ;
; MIR[3]     ; OUT_B[23]   ; 14.773 ; 14.773 ; 14.773 ; 14.773 ;
; MIR[3]     ; OUT_B[24]   ; 18.915 ; 18.915 ; 18.915 ; 18.915 ;
; MIR[3]     ; OUT_B[25]   ; 14.197 ; 14.197 ; 14.197 ; 14.197 ;
; MIR[3]     ; OUT_B[26]   ; 16.036 ; 16.036 ; 16.036 ; 16.036 ;
; MIR[3]     ; OUT_B[27]   ; 17.235 ; 17.235 ; 17.235 ; 17.235 ;
; MIR[3]     ; OUT_B[28]   ; 15.993 ; 15.993 ; 15.993 ; 15.993 ;
; MIR[3]     ; OUT_B[29]   ; 20.081 ; 20.081 ; 20.081 ; 20.081 ;
; MIR[3]     ; OUT_B[30]   ; 14.844 ; 14.844 ; 14.844 ; 14.844 ;
; MIR[3]     ; OUT_B[31]   ; 10.553 ; 10.553 ; 10.553 ; 10.553 ;
; MIR[6]     ; MDR_OUT[0]  ;        ; 15.000 ; 15.000 ;        ;
; MIR[6]     ; MDR_OUT[1]  ;        ; 11.294 ; 11.294 ;        ;
; MIR[6]     ; MDR_OUT[2]  ;        ; 15.087 ; 15.087 ;        ;
; MIR[6]     ; MDR_OUT[3]  ;        ; 15.099 ; 15.099 ;        ;
; MIR[6]     ; MDR_OUT[4]  ;        ; 11.287 ; 11.287 ;        ;
; MIR[6]     ; MDR_OUT[5]  ;        ; 14.260 ; 14.260 ;        ;
; MIR[6]     ; MDR_OUT[6]  ;        ; 18.012 ; 18.012 ;        ;
; MIR[6]     ; MDR_OUT[7]  ;        ; 15.129 ; 15.129 ;        ;
; MIR[6]     ; MDR_OUT[8]  ;        ; 11.260 ; 11.260 ;        ;
; MIR[6]     ; MDR_OUT[9]  ;        ; 11.970 ; 11.970 ;        ;
; MIR[6]     ; MDR_OUT[10] ;        ; 11.023 ; 11.023 ;        ;
; MIR[6]     ; MDR_OUT[11] ;        ; 11.249 ; 11.249 ;        ;
; MIR[6]     ; MDR_OUT[12] ;        ; 11.896 ; 11.896 ;        ;
; MIR[6]     ; MDR_OUT[13] ;        ; 15.092 ; 15.092 ;        ;
; MIR[6]     ; MDR_OUT[14] ;        ; 11.294 ; 11.294 ;        ;
; MIR[6]     ; MDR_OUT[15] ;        ; 10.548 ; 10.548 ;        ;
; MIR[6]     ; MDR_OUT[16] ;        ; 14.802 ; 14.802 ;        ;
; MIR[6]     ; MDR_OUT[17] ;        ; 15.129 ; 15.129 ;        ;
; MIR[6]     ; MDR_OUT[18] ;        ; 15.027 ; 15.027 ;        ;
; MIR[6]     ; MDR_OUT[19] ;        ; 11.297 ; 11.297 ;        ;
; MIR[6]     ; MDR_OUT[20] ;        ; 17.102 ; 17.102 ;        ;
; MIR[6]     ; MDR_OUT[21] ;        ; 11.013 ; 11.013 ;        ;
; MIR[6]     ; MDR_OUT[22] ;        ; 14.150 ; 14.150 ;        ;
; MIR[6]     ; MDR_OUT[23] ;        ; 14.270 ; 14.270 ;        ;
; MIR[6]     ; MDR_OUT[24] ;        ; 16.258 ; 16.258 ;        ;
; MIR[6]     ; MDR_OUT[25] ;        ; 14.429 ; 14.429 ;        ;
; MIR[6]     ; MDR_OUT[26] ;        ; 15.102 ; 15.102 ;        ;
; MIR[6]     ; MDR_OUT[27] ;        ; 11.517 ; 11.517 ;        ;
; MIR[6]     ; MDR_OUT[28] ;        ; 14.678 ; 14.678 ;        ;
; MIR[6]     ; MDR_OUT[29] ;        ; 17.119 ; 17.119 ;        ;
; MIR[6]     ; MDR_OUT[30] ;        ; 17.119 ; 17.119 ;        ;
; MIR[6]     ; MDR_OUT[31] ;        ; 17.118 ; 17.118 ;        ;
+------------+-------------+--------+--------+--------+--------+


+--------------------------------------------------------------+
; Minimum Propagation Delay                                    ;
+------------+-------------+--------+--------+--------+--------+
; Input Port ; Output Port ; RR     ; RF     ; FR     ; FF     ;
+------------+-------------+--------+--------+--------+--------+
; MIR[0]     ; OUT_B[0]    ; 12.705 ; 12.705 ; 12.705 ; 12.705 ;
; MIR[0]     ; OUT_B[1]    ; 15.769 ; 15.769 ; 15.769 ; 15.769 ;
; MIR[0]     ; OUT_B[2]    ; 12.298 ; 12.298 ; 12.298 ; 12.298 ;
; MIR[0]     ; OUT_B[3]    ; 15.137 ; 15.137 ; 15.137 ; 15.137 ;
; MIR[0]     ; OUT_B[4]    ; 15.709 ; 15.709 ; 15.709 ; 15.709 ;
; MIR[0]     ; OUT_B[5]    ; 16.325 ; 16.325 ; 16.325 ; 16.325 ;
; MIR[0]     ; OUT_B[6]    ; 11.549 ; 11.549 ; 11.549 ; 11.549 ;
; MIR[0]     ; OUT_B[7]    ; 15.745 ; 15.745 ; 15.745 ; 15.745 ;
; MIR[0]     ; OUT_B[8]    ; 15.709 ; 15.709 ; 15.709 ; 15.709 ;
; MIR[0]     ; OUT_B[9]    ; 18.459 ; 18.459 ; 18.459 ; 18.459 ;
; MIR[0]     ; OUT_B[10]   ; 18.765 ; 18.765 ; 18.765 ; 18.765 ;
; MIR[0]     ; OUT_B[11]   ; 16.148 ; 16.148 ; 16.148 ; 16.148 ;
; MIR[0]     ; OUT_B[12]   ; 19.665 ; 19.665 ; 19.665 ; 19.665 ;
; MIR[0]     ; OUT_B[13]   ; 19.882 ; 19.882 ; 19.882 ; 19.882 ;
; MIR[0]     ; OUT_B[14]   ; 11.169 ; 11.169 ; 11.169 ; 11.169 ;
; MIR[0]     ; OUT_B[15]   ; 10.744 ; 10.744 ; 10.744 ; 10.744 ;
; MIR[0]     ; OUT_B[16]   ; 10.746 ; 10.746 ; 10.746 ; 10.746 ;
; MIR[0]     ; OUT_B[17]   ; 10.737 ; 10.737 ; 10.737 ; 10.737 ;
; MIR[0]     ; OUT_B[18]   ; 13.400 ; 13.400 ; 13.400 ; 13.400 ;
; MIR[0]     ; OUT_B[19]   ; 16.384 ; 16.384 ; 16.384 ; 16.384 ;
; MIR[0]     ; OUT_B[20]   ; 15.190 ; 15.190 ; 15.190 ; 15.190 ;
; MIR[0]     ; OUT_B[21]   ; 18.418 ; 18.418 ; 18.418 ; 18.418 ;
; MIR[0]     ; OUT_B[22]   ; 10.712 ; 10.712 ; 10.712 ; 10.712 ;
; MIR[0]     ; OUT_B[23]   ; 14.984 ; 14.984 ; 14.984 ; 14.984 ;
; MIR[0]     ; OUT_B[24]   ; 19.126 ; 19.126 ; 19.126 ; 19.126 ;
; MIR[0]     ; OUT_B[25]   ; 14.408 ; 14.408 ; 14.408 ; 14.408 ;
; MIR[0]     ; OUT_B[26]   ; 16.247 ; 16.247 ; 16.247 ; 16.247 ;
; MIR[0]     ; OUT_B[27]   ; 17.446 ; 17.446 ; 17.446 ; 17.446 ;
; MIR[0]     ; OUT_B[28]   ; 16.204 ; 16.204 ; 16.204 ; 16.204 ;
; MIR[0]     ; OUT_B[29]   ; 20.292 ; 20.292 ; 20.292 ; 20.292 ;
; MIR[0]     ; OUT_B[30]   ; 15.055 ; 15.055 ; 15.055 ; 15.055 ;
; MIR[0]     ; OUT_B[31]   ; 10.764 ; 10.764 ; 10.764 ; 10.764 ;
; MIR[1]     ; OUT_B[0]    ; 12.898 ; 12.898 ; 12.898 ; 12.898 ;
; MIR[1]     ; OUT_B[1]    ; 15.962 ; 15.962 ; 15.962 ; 15.962 ;
; MIR[1]     ; OUT_B[2]    ; 12.491 ; 12.491 ; 12.491 ; 12.491 ;
; MIR[1]     ; OUT_B[3]    ; 15.330 ; 15.330 ; 15.330 ; 15.330 ;
; MIR[1]     ; OUT_B[4]    ; 15.902 ; 15.902 ; 15.902 ; 15.902 ;
; MIR[1]     ; OUT_B[5]    ; 16.518 ; 16.518 ; 16.518 ; 16.518 ;
; MIR[1]     ; OUT_B[6]    ; 11.742 ; 11.742 ; 11.742 ; 11.742 ;
; MIR[1]     ; OUT_B[7]    ; 15.938 ; 15.938 ; 15.938 ; 15.938 ;
; MIR[1]     ; OUT_B[8]    ; 15.902 ; 15.902 ; 15.902 ; 15.902 ;
; MIR[1]     ; OUT_B[9]    ; 18.652 ; 18.652 ; 18.652 ; 18.652 ;
; MIR[1]     ; OUT_B[10]   ; 18.958 ; 18.958 ; 18.958 ; 18.958 ;
; MIR[1]     ; OUT_B[11]   ; 16.341 ; 16.341 ; 16.341 ; 16.341 ;
; MIR[1]     ; OUT_B[12]   ; 19.858 ; 19.858 ; 19.858 ; 19.858 ;
; MIR[1]     ; OUT_B[13]   ; 20.075 ; 20.075 ; 20.075 ; 20.075 ;
; MIR[1]     ; OUT_B[14]   ; 11.362 ; 11.362 ; 11.362 ; 11.362 ;
; MIR[1]     ; OUT_B[15]   ; 10.937 ; 10.937 ; 10.937 ; 10.937 ;
; MIR[1]     ; OUT_B[16]   ; 10.939 ; 10.939 ; 10.939 ; 10.939 ;
; MIR[1]     ; OUT_B[17]   ; 10.930 ; 10.930 ; 10.930 ; 10.930 ;
; MIR[1]     ; OUT_B[18]   ; 13.593 ; 13.593 ; 13.593 ; 13.593 ;
; MIR[1]     ; OUT_B[19]   ; 16.577 ; 16.577 ; 16.577 ; 16.577 ;
; MIR[1]     ; OUT_B[20]   ; 15.383 ; 15.383 ; 15.383 ; 15.383 ;
; MIR[1]     ; OUT_B[21]   ; 18.611 ; 18.611 ; 18.611 ; 18.611 ;
; MIR[1]     ; OUT_B[22]   ; 10.905 ; 10.905 ; 10.905 ; 10.905 ;
; MIR[1]     ; OUT_B[23]   ; 15.177 ; 15.177 ; 15.177 ; 15.177 ;
; MIR[1]     ; OUT_B[24]   ; 19.319 ; 19.319 ; 19.319 ; 19.319 ;
; MIR[1]     ; OUT_B[25]   ; 14.601 ; 14.601 ; 14.601 ; 14.601 ;
; MIR[1]     ; OUT_B[26]   ; 16.440 ; 16.440 ; 16.440 ; 16.440 ;
; MIR[1]     ; OUT_B[27]   ; 17.639 ; 17.639 ; 17.639 ; 17.639 ;
; MIR[1]     ; OUT_B[28]   ; 16.397 ; 16.397 ; 16.397 ; 16.397 ;
; MIR[1]     ; OUT_B[29]   ; 20.485 ; 20.485 ; 20.485 ; 20.485 ;
; MIR[1]     ; OUT_B[30]   ; 15.248 ; 15.248 ; 15.248 ; 15.248 ;
; MIR[1]     ; OUT_B[31]   ; 10.957 ; 10.957 ; 10.957 ; 10.957 ;
; MIR[2]     ; OUT_B[0]    ; 12.993 ; 12.993 ; 12.993 ; 12.993 ;
; MIR[2]     ; OUT_B[1]    ; 16.057 ; 16.057 ; 16.057 ; 16.057 ;
; MIR[2]     ; OUT_B[2]    ; 12.586 ; 12.586 ; 12.586 ; 12.586 ;
; MIR[2]     ; OUT_B[3]    ; 15.425 ; 15.425 ; 15.425 ; 15.425 ;
; MIR[2]     ; OUT_B[4]    ; 15.997 ; 15.997 ; 15.997 ; 15.997 ;
; MIR[2]     ; OUT_B[5]    ; 16.613 ; 16.613 ; 16.613 ; 16.613 ;
; MIR[2]     ; OUT_B[6]    ; 11.837 ; 11.837 ; 11.837 ; 11.837 ;
; MIR[2]     ; OUT_B[7]    ; 16.033 ; 16.033 ; 16.033 ; 16.033 ;
; MIR[2]     ; OUT_B[8]    ; 15.997 ; 15.997 ; 15.997 ; 15.997 ;
; MIR[2]     ; OUT_B[9]    ; 18.747 ; 18.747 ; 18.747 ; 18.747 ;
; MIR[2]     ; OUT_B[10]   ; 19.053 ; 19.053 ; 19.053 ; 19.053 ;
; MIR[2]     ; OUT_B[11]   ; 16.436 ; 16.436 ; 16.436 ; 16.436 ;
; MIR[2]     ; OUT_B[12]   ; 19.953 ; 19.953 ; 19.953 ; 19.953 ;
; MIR[2]     ; OUT_B[13]   ; 20.170 ; 20.170 ; 20.170 ; 20.170 ;
; MIR[2]     ; OUT_B[14]   ; 11.457 ; 11.457 ; 11.457 ; 11.457 ;
; MIR[2]     ; OUT_B[15]   ; 11.032 ; 11.032 ; 11.032 ; 11.032 ;
; MIR[2]     ; OUT_B[16]   ; 11.034 ; 11.034 ; 11.034 ; 11.034 ;
; MIR[2]     ; OUT_B[17]   ; 11.025 ; 11.025 ; 11.025 ; 11.025 ;
; MIR[2]     ; OUT_B[18]   ; 13.688 ; 13.688 ; 13.688 ; 13.688 ;
; MIR[2]     ; OUT_B[19]   ; 16.672 ; 16.672 ; 16.672 ; 16.672 ;
; MIR[2]     ; OUT_B[20]   ; 15.478 ; 15.478 ; 15.478 ; 15.478 ;
; MIR[2]     ; OUT_B[21]   ; 18.706 ; 18.706 ; 18.706 ; 18.706 ;
; MIR[2]     ; OUT_B[22]   ; 11.000 ; 11.000 ; 11.000 ; 11.000 ;
; MIR[2]     ; OUT_B[23]   ; 15.272 ; 15.272 ; 15.272 ; 15.272 ;
; MIR[2]     ; OUT_B[24]   ; 19.414 ; 19.414 ; 19.414 ; 19.414 ;
; MIR[2]     ; OUT_B[25]   ; 14.696 ; 14.696 ; 14.696 ; 14.696 ;
; MIR[2]     ; OUT_B[26]   ; 16.535 ; 16.535 ; 16.535 ; 16.535 ;
; MIR[2]     ; OUT_B[27]   ; 17.734 ; 17.734 ; 17.734 ; 17.734 ;
; MIR[2]     ; OUT_B[28]   ; 16.492 ; 16.492 ; 16.492 ; 16.492 ;
; MIR[2]     ; OUT_B[29]   ; 20.580 ; 20.580 ; 20.580 ; 20.580 ;
; MIR[2]     ; OUT_B[30]   ; 15.343 ; 15.343 ; 15.343 ; 15.343 ;
; MIR[2]     ; OUT_B[31]   ; 11.052 ; 11.052 ; 11.052 ; 11.052 ;
; MIR[3]     ; OUT_B[0]    ; 12.494 ; 12.494 ; 12.494 ; 12.494 ;
; MIR[3]     ; OUT_B[1]    ; 15.558 ; 15.558 ; 15.558 ; 15.558 ;
; MIR[3]     ; OUT_B[2]    ; 12.087 ; 12.087 ; 12.087 ; 12.087 ;
; MIR[3]     ; OUT_B[3]    ; 14.926 ; 14.926 ; 14.926 ; 14.926 ;
; MIR[3]     ; OUT_B[4]    ; 15.498 ; 15.498 ; 15.498 ; 15.498 ;
; MIR[3]     ; OUT_B[5]    ; 16.114 ; 16.114 ; 16.114 ; 16.114 ;
; MIR[3]     ; OUT_B[6]    ; 11.338 ; 11.338 ; 11.338 ; 11.338 ;
; MIR[3]     ; OUT_B[7]    ; 15.534 ; 15.534 ; 15.534 ; 15.534 ;
; MIR[3]     ; OUT_B[8]    ; 15.498 ; 15.498 ; 15.498 ; 15.498 ;
; MIR[3]     ; OUT_B[9]    ; 18.248 ; 18.248 ; 18.248 ; 18.248 ;
; MIR[3]     ; OUT_B[10]   ; 18.554 ; 18.554 ; 18.554 ; 18.554 ;
; MIR[3]     ; OUT_B[11]   ; 15.937 ; 15.937 ; 15.937 ; 15.937 ;
; MIR[3]     ; OUT_B[12]   ; 19.454 ; 19.454 ; 19.454 ; 19.454 ;
; MIR[3]     ; OUT_B[13]   ; 19.671 ; 19.671 ; 19.671 ; 19.671 ;
; MIR[3]     ; OUT_B[14]   ; 10.958 ; 10.958 ; 10.958 ; 10.958 ;
; MIR[3]     ; OUT_B[15]   ; 10.533 ; 10.533 ; 10.533 ; 10.533 ;
; MIR[3]     ; OUT_B[16]   ; 10.535 ; 10.535 ; 10.535 ; 10.535 ;
; MIR[3]     ; OUT_B[17]   ; 10.526 ; 10.526 ; 10.526 ; 10.526 ;
; MIR[3]     ; OUT_B[18]   ; 13.189 ; 13.189 ; 13.189 ; 13.189 ;
; MIR[3]     ; OUT_B[19]   ; 16.173 ; 16.173 ; 16.173 ; 16.173 ;
; MIR[3]     ; OUT_B[20]   ; 14.979 ; 14.979 ; 14.979 ; 14.979 ;
; MIR[3]     ; OUT_B[21]   ; 18.207 ; 18.207 ; 18.207 ; 18.207 ;
; MIR[3]     ; OUT_B[22]   ; 10.501 ; 10.501 ; 10.501 ; 10.501 ;
; MIR[3]     ; OUT_B[23]   ; 14.773 ; 14.773 ; 14.773 ; 14.773 ;
; MIR[3]     ; OUT_B[24]   ; 18.915 ; 18.915 ; 18.915 ; 18.915 ;
; MIR[3]     ; OUT_B[25]   ; 14.197 ; 14.197 ; 14.197 ; 14.197 ;
; MIR[3]     ; OUT_B[26]   ; 16.036 ; 16.036 ; 16.036 ; 16.036 ;
; MIR[3]     ; OUT_B[27]   ; 17.235 ; 17.235 ; 17.235 ; 17.235 ;
; MIR[3]     ; OUT_B[28]   ; 15.993 ; 15.993 ; 15.993 ; 15.993 ;
; MIR[3]     ; OUT_B[29]   ; 20.081 ; 20.081 ; 20.081 ; 20.081 ;
; MIR[3]     ; OUT_B[30]   ; 14.844 ; 14.844 ; 14.844 ; 14.844 ;
; MIR[3]     ; OUT_B[31]   ; 10.553 ; 10.553 ; 10.553 ; 10.553 ;
; MIR[6]     ; MDR_OUT[0]  ;        ; 15.000 ; 15.000 ;        ;
; MIR[6]     ; MDR_OUT[1]  ;        ; 11.294 ; 11.294 ;        ;
; MIR[6]     ; MDR_OUT[2]  ;        ; 15.087 ; 15.087 ;        ;
; MIR[6]     ; MDR_OUT[3]  ;        ; 15.099 ; 15.099 ;        ;
; MIR[6]     ; MDR_OUT[4]  ;        ; 11.287 ; 11.287 ;        ;
; MIR[6]     ; MDR_OUT[5]  ;        ; 14.260 ; 14.260 ;        ;
; MIR[6]     ; MDR_OUT[6]  ;        ; 18.012 ; 18.012 ;        ;
; MIR[6]     ; MDR_OUT[7]  ;        ; 15.129 ; 15.129 ;        ;
; MIR[6]     ; MDR_OUT[8]  ;        ; 11.260 ; 11.260 ;        ;
; MIR[6]     ; MDR_OUT[9]  ;        ; 11.970 ; 11.970 ;        ;
; MIR[6]     ; MDR_OUT[10] ;        ; 11.023 ; 11.023 ;        ;
; MIR[6]     ; MDR_OUT[11] ;        ; 11.249 ; 11.249 ;        ;
; MIR[6]     ; MDR_OUT[12] ;        ; 11.896 ; 11.896 ;        ;
; MIR[6]     ; MDR_OUT[13] ;        ; 15.092 ; 15.092 ;        ;
; MIR[6]     ; MDR_OUT[14] ;        ; 11.294 ; 11.294 ;        ;
; MIR[6]     ; MDR_OUT[15] ;        ; 10.548 ; 10.548 ;        ;
; MIR[6]     ; MDR_OUT[16] ;        ; 14.802 ; 14.802 ;        ;
; MIR[6]     ; MDR_OUT[17] ;        ; 15.129 ; 15.129 ;        ;
; MIR[6]     ; MDR_OUT[18] ;        ; 15.027 ; 15.027 ;        ;
; MIR[6]     ; MDR_OUT[19] ;        ; 11.297 ; 11.297 ;        ;
; MIR[6]     ; MDR_OUT[20] ;        ; 17.102 ; 17.102 ;        ;
; MIR[6]     ; MDR_OUT[21] ;        ; 11.013 ; 11.013 ;        ;
; MIR[6]     ; MDR_OUT[22] ;        ; 14.150 ; 14.150 ;        ;
; MIR[6]     ; MDR_OUT[23] ;        ; 14.270 ; 14.270 ;        ;
; MIR[6]     ; MDR_OUT[24] ;        ; 16.258 ; 16.258 ;        ;
; MIR[6]     ; MDR_OUT[25] ;        ; 14.429 ; 14.429 ;        ;
; MIR[6]     ; MDR_OUT[26] ;        ; 15.102 ; 15.102 ;        ;
; MIR[6]     ; MDR_OUT[27] ;        ; 11.517 ; 11.517 ;        ;
; MIR[6]     ; MDR_OUT[28] ;        ; 14.678 ; 14.678 ;        ;
; MIR[6]     ; MDR_OUT[29] ;        ; 17.119 ; 17.119 ;        ;
; MIR[6]     ; MDR_OUT[30] ;        ; 17.119 ; 17.119 ;        ;
; MIR[6]     ; MDR_OUT[31] ;        ; 17.118 ; 17.118 ;        ;
+------------+-------------+--------+--------+--------+--------+


----------------------------
; Fast Model Setup Summary ;
----------------------------
No paths to report.


---------------------------
; Fast Model Hold Summary ;
---------------------------
No paths to report.


-------------------------------
; Fast Model Recovery Summary ;
-------------------------------
No paths to report.


------------------------------
; Fast Model Removal Summary ;
------------------------------
No paths to report.


------------------------------------------
; Fast Model Minimum Pulse Width Summary ;
------------------------------------------
No paths to report.


+----------------------------------------------------------+
; Propagation Delay                                        ;
+------------+-------------+-------+-------+-------+-------+
; Input Port ; Output Port ; RR    ; RF    ; FR    ; FF    ;
+------------+-------------+-------+-------+-------+-------+
; MIR[0]     ; OUT_B[0]    ; 5.550 ; 5.550 ; 5.550 ; 5.550 ;
; MIR[0]     ; OUT_B[1]    ; 6.566 ; 6.566 ; 6.566 ; 6.566 ;
; MIR[0]     ; OUT_B[2]    ; 5.368 ; 5.368 ; 5.368 ; 5.368 ;
; MIR[0]     ; OUT_B[3]    ; 6.341 ; 6.341 ; 6.341 ; 6.341 ;
; MIR[0]     ; OUT_B[4]    ; 6.492 ; 6.492 ; 6.492 ; 6.492 ;
; MIR[0]     ; OUT_B[5]    ; 6.659 ; 6.659 ; 6.659 ; 6.659 ;
; MIR[0]     ; OUT_B[6]    ; 5.147 ; 5.147 ; 5.147 ; 5.147 ;
; MIR[0]     ; OUT_B[7]    ; 6.549 ; 6.549 ; 6.549 ; 6.549 ;
; MIR[0]     ; OUT_B[8]    ; 6.492 ; 6.492 ; 6.492 ; 6.492 ;
; MIR[0]     ; OUT_B[9]    ; 7.343 ; 7.343 ; 7.343 ; 7.343 ;
; MIR[0]     ; OUT_B[10]   ; 7.392 ; 7.392 ; 7.392 ; 7.392 ;
; MIR[0]     ; OUT_B[11]   ; 6.628 ; 6.628 ; 6.628 ; 6.628 ;
; MIR[0]     ; OUT_B[12]   ; 7.673 ; 7.673 ; 7.673 ; 7.673 ;
; MIR[0]     ; OUT_B[13]   ; 7.813 ; 7.813 ; 7.813 ; 7.813 ;
; MIR[0]     ; OUT_B[14]   ; 4.999 ; 4.999 ; 4.999 ; 4.999 ;
; MIR[0]     ; OUT_B[15]   ; 4.858 ; 4.858 ; 4.858 ; 4.858 ;
; MIR[0]     ; OUT_B[16]   ; 4.863 ; 4.863 ; 4.863 ; 4.863 ;
; MIR[0]     ; OUT_B[17]   ; 4.855 ; 4.855 ; 4.855 ; 4.855 ;
; MIR[0]     ; OUT_B[18]   ; 5.708 ; 5.708 ; 5.708 ; 5.708 ;
; MIR[0]     ; OUT_B[19]   ; 6.747 ; 6.747 ; 6.747 ; 6.747 ;
; MIR[0]     ; OUT_B[20]   ; 6.376 ; 6.376 ; 6.376 ; 6.376 ;
; MIR[0]     ; OUT_B[21]   ; 7.293 ; 7.293 ; 7.293 ; 7.293 ;
; MIR[0]     ; OUT_B[22]   ; 4.830 ; 4.830 ; 4.830 ; 4.830 ;
; MIR[0]     ; OUT_B[23]   ; 6.277 ; 6.277 ; 6.277 ; 6.277 ;
; MIR[0]     ; OUT_B[24]   ; 7.595 ; 7.595 ; 7.595 ; 7.595 ;
; MIR[0]     ; OUT_B[25]   ; 6.037 ; 6.037 ; 6.037 ; 6.037 ;
; MIR[0]     ; OUT_B[26]   ; 6.695 ; 6.695 ; 6.695 ; 6.695 ;
; MIR[0]     ; OUT_B[27]   ; 6.980 ; 6.980 ; 6.980 ; 6.980 ;
; MIR[0]     ; OUT_B[28]   ; 6.653 ; 6.653 ; 6.653 ; 6.653 ;
; MIR[0]     ; OUT_B[29]   ; 7.940 ; 7.940 ; 7.940 ; 7.940 ;
; MIR[0]     ; OUT_B[30]   ; 6.276 ; 6.276 ; 6.276 ; 6.276 ;
; MIR[0]     ; OUT_B[31]   ; 4.878 ; 4.878 ; 4.878 ; 4.878 ;
; MIR[1]     ; OUT_B[0]    ; 5.568 ; 5.568 ; 5.568 ; 5.568 ;
; MIR[1]     ; OUT_B[1]    ; 6.584 ; 6.584 ; 6.584 ; 6.584 ;
; MIR[1]     ; OUT_B[2]    ; 5.386 ; 5.386 ; 5.386 ; 5.386 ;
; MIR[1]     ; OUT_B[3]    ; 6.359 ; 6.359 ; 6.359 ; 6.359 ;
; MIR[1]     ; OUT_B[4]    ; 6.510 ; 6.510 ; 6.510 ; 6.510 ;
; MIR[1]     ; OUT_B[5]    ; 6.677 ; 6.677 ; 6.677 ; 6.677 ;
; MIR[1]     ; OUT_B[6]    ; 5.165 ; 5.165 ; 5.165 ; 5.165 ;
; MIR[1]     ; OUT_B[7]    ; 6.567 ; 6.567 ; 6.567 ; 6.567 ;
; MIR[1]     ; OUT_B[8]    ; 6.510 ; 6.510 ; 6.510 ; 6.510 ;
; MIR[1]     ; OUT_B[9]    ; 7.361 ; 7.361 ; 7.361 ; 7.361 ;
; MIR[1]     ; OUT_B[10]   ; 7.410 ; 7.410 ; 7.410 ; 7.410 ;
; MIR[1]     ; OUT_B[11]   ; 6.646 ; 6.646 ; 6.646 ; 6.646 ;
; MIR[1]     ; OUT_B[12]   ; 7.691 ; 7.691 ; 7.691 ; 7.691 ;
; MIR[1]     ; OUT_B[13]   ; 7.831 ; 7.831 ; 7.831 ; 7.831 ;
; MIR[1]     ; OUT_B[14]   ; 5.017 ; 5.017 ; 5.017 ; 5.017 ;
; MIR[1]     ; OUT_B[15]   ; 4.876 ; 4.876 ; 4.876 ; 4.876 ;
; MIR[1]     ; OUT_B[16]   ; 4.881 ; 4.881 ; 4.881 ; 4.881 ;
; MIR[1]     ; OUT_B[17]   ; 4.873 ; 4.873 ; 4.873 ; 4.873 ;
; MIR[1]     ; OUT_B[18]   ; 5.726 ; 5.726 ; 5.726 ; 5.726 ;
; MIR[1]     ; OUT_B[19]   ; 6.765 ; 6.765 ; 6.765 ; 6.765 ;
; MIR[1]     ; OUT_B[20]   ; 6.394 ; 6.394 ; 6.394 ; 6.394 ;
; MIR[1]     ; OUT_B[21]   ; 7.311 ; 7.311 ; 7.311 ; 7.311 ;
; MIR[1]     ; OUT_B[22]   ; 4.848 ; 4.848 ; 4.848 ; 4.848 ;
; MIR[1]     ; OUT_B[23]   ; 6.295 ; 6.295 ; 6.295 ; 6.295 ;
; MIR[1]     ; OUT_B[24]   ; 7.613 ; 7.613 ; 7.613 ; 7.613 ;
; MIR[1]     ; OUT_B[25]   ; 6.055 ; 6.055 ; 6.055 ; 6.055 ;
; MIR[1]     ; OUT_B[26]   ; 6.713 ; 6.713 ; 6.713 ; 6.713 ;
; MIR[1]     ; OUT_B[27]   ; 6.998 ; 6.998 ; 6.998 ; 6.998 ;
; MIR[1]     ; OUT_B[28]   ; 6.671 ; 6.671 ; 6.671 ; 6.671 ;
; MIR[1]     ; OUT_B[29]   ; 7.958 ; 7.958 ; 7.958 ; 7.958 ;
; MIR[1]     ; OUT_B[30]   ; 6.294 ; 6.294 ; 6.294 ; 6.294 ;
; MIR[1]     ; OUT_B[31]   ; 4.896 ; 4.896 ; 4.896 ; 4.896 ;
; MIR[2]     ; OUT_B[0]    ; 5.617 ; 5.617 ; 5.617 ; 5.617 ;
; MIR[2]     ; OUT_B[1]    ; 6.633 ; 6.633 ; 6.633 ; 6.633 ;
; MIR[2]     ; OUT_B[2]    ; 5.435 ; 5.435 ; 5.435 ; 5.435 ;
; MIR[2]     ; OUT_B[3]    ; 6.408 ; 6.408 ; 6.408 ; 6.408 ;
; MIR[2]     ; OUT_B[4]    ; 6.559 ; 6.559 ; 6.559 ; 6.559 ;
; MIR[2]     ; OUT_B[5]    ; 6.726 ; 6.726 ; 6.726 ; 6.726 ;
; MIR[2]     ; OUT_B[6]    ; 5.214 ; 5.214 ; 5.214 ; 5.214 ;
; MIR[2]     ; OUT_B[7]    ; 6.616 ; 6.616 ; 6.616 ; 6.616 ;
; MIR[2]     ; OUT_B[8]    ; 6.559 ; 6.559 ; 6.559 ; 6.559 ;
; MIR[2]     ; OUT_B[9]    ; 7.410 ; 7.410 ; 7.410 ; 7.410 ;
; MIR[2]     ; OUT_B[10]   ; 7.459 ; 7.459 ; 7.459 ; 7.459 ;
; MIR[2]     ; OUT_B[11]   ; 6.695 ; 6.695 ; 6.695 ; 6.695 ;
; MIR[2]     ; OUT_B[12]   ; 7.740 ; 7.740 ; 7.740 ; 7.740 ;
; MIR[2]     ; OUT_B[13]   ; 7.880 ; 7.880 ; 7.880 ; 7.880 ;
; MIR[2]     ; OUT_B[14]   ; 5.066 ; 5.066 ; 5.066 ; 5.066 ;
; MIR[2]     ; OUT_B[15]   ; 4.925 ; 4.925 ; 4.925 ; 4.925 ;
; MIR[2]     ; OUT_B[16]   ; 4.930 ; 4.930 ; 4.930 ; 4.930 ;
; MIR[2]     ; OUT_B[17]   ; 4.922 ; 4.922 ; 4.922 ; 4.922 ;
; MIR[2]     ; OUT_B[18]   ; 5.775 ; 5.775 ; 5.775 ; 5.775 ;
; MIR[2]     ; OUT_B[19]   ; 6.814 ; 6.814 ; 6.814 ; 6.814 ;
; MIR[2]     ; OUT_B[20]   ; 6.443 ; 6.443 ; 6.443 ; 6.443 ;
; MIR[2]     ; OUT_B[21]   ; 7.360 ; 7.360 ; 7.360 ; 7.360 ;
; MIR[2]     ; OUT_B[22]   ; 4.897 ; 4.897 ; 4.897 ; 4.897 ;
; MIR[2]     ; OUT_B[23]   ; 6.344 ; 6.344 ; 6.344 ; 6.344 ;
; MIR[2]     ; OUT_B[24]   ; 7.662 ; 7.662 ; 7.662 ; 7.662 ;
; MIR[2]     ; OUT_B[25]   ; 6.104 ; 6.104 ; 6.104 ; 6.104 ;
; MIR[2]     ; OUT_B[26]   ; 6.762 ; 6.762 ; 6.762 ; 6.762 ;
; MIR[2]     ; OUT_B[27]   ; 7.047 ; 7.047 ; 7.047 ; 7.047 ;
; MIR[2]     ; OUT_B[28]   ; 6.720 ; 6.720 ; 6.720 ; 6.720 ;
; MIR[2]     ; OUT_B[29]   ; 8.007 ; 8.007 ; 8.007 ; 8.007 ;
; MIR[2]     ; OUT_B[30]   ; 6.343 ; 6.343 ; 6.343 ; 6.343 ;
; MIR[2]     ; OUT_B[31]   ; 4.945 ; 4.945 ; 4.945 ; 4.945 ;
; MIR[3]     ; OUT_B[0]    ; 5.466 ; 5.466 ; 5.466 ; 5.466 ;
; MIR[3]     ; OUT_B[1]    ; 6.482 ; 6.482 ; 6.482 ; 6.482 ;
; MIR[3]     ; OUT_B[2]    ; 5.284 ; 5.284 ; 5.284 ; 5.284 ;
; MIR[3]     ; OUT_B[3]    ; 6.257 ; 6.257 ; 6.257 ; 6.257 ;
; MIR[3]     ; OUT_B[4]    ; 6.408 ; 6.408 ; 6.408 ; 6.408 ;
; MIR[3]     ; OUT_B[5]    ; 6.575 ; 6.575 ; 6.575 ; 6.575 ;
; MIR[3]     ; OUT_B[6]    ; 5.063 ; 5.063 ; 5.063 ; 5.063 ;
; MIR[3]     ; OUT_B[7]    ; 6.465 ; 6.465 ; 6.465 ; 6.465 ;
; MIR[3]     ; OUT_B[8]    ; 6.408 ; 6.408 ; 6.408 ; 6.408 ;
; MIR[3]     ; OUT_B[9]    ; 7.259 ; 7.259 ; 7.259 ; 7.259 ;
; MIR[3]     ; OUT_B[10]   ; 7.308 ; 7.308 ; 7.308 ; 7.308 ;
; MIR[3]     ; OUT_B[11]   ; 6.544 ; 6.544 ; 6.544 ; 6.544 ;
; MIR[3]     ; OUT_B[12]   ; 7.589 ; 7.589 ; 7.589 ; 7.589 ;
; MIR[3]     ; OUT_B[13]   ; 7.729 ; 7.729 ; 7.729 ; 7.729 ;
; MIR[3]     ; OUT_B[14]   ; 4.915 ; 4.915 ; 4.915 ; 4.915 ;
; MIR[3]     ; OUT_B[15]   ; 4.774 ; 4.774 ; 4.774 ; 4.774 ;
; MIR[3]     ; OUT_B[16]   ; 4.779 ; 4.779 ; 4.779 ; 4.779 ;
; MIR[3]     ; OUT_B[17]   ; 4.771 ; 4.771 ; 4.771 ; 4.771 ;
; MIR[3]     ; OUT_B[18]   ; 5.624 ; 5.624 ; 5.624 ; 5.624 ;
; MIR[3]     ; OUT_B[19]   ; 6.663 ; 6.663 ; 6.663 ; 6.663 ;
; MIR[3]     ; OUT_B[20]   ; 6.292 ; 6.292 ; 6.292 ; 6.292 ;
; MIR[3]     ; OUT_B[21]   ; 7.209 ; 7.209 ; 7.209 ; 7.209 ;
; MIR[3]     ; OUT_B[22]   ; 4.746 ; 4.746 ; 4.746 ; 4.746 ;
; MIR[3]     ; OUT_B[23]   ; 6.193 ; 6.193 ; 6.193 ; 6.193 ;
; MIR[3]     ; OUT_B[24]   ; 7.511 ; 7.511 ; 7.511 ; 7.511 ;
; MIR[3]     ; OUT_B[25]   ; 5.953 ; 5.953 ; 5.953 ; 5.953 ;
; MIR[3]     ; OUT_B[26]   ; 6.611 ; 6.611 ; 6.611 ; 6.611 ;
; MIR[3]     ; OUT_B[27]   ; 6.896 ; 6.896 ; 6.896 ; 6.896 ;
; MIR[3]     ; OUT_B[28]   ; 6.569 ; 6.569 ; 6.569 ; 6.569 ;
; MIR[3]     ; OUT_B[29]   ; 7.856 ; 7.856 ; 7.856 ; 7.856 ;
; MIR[3]     ; OUT_B[30]   ; 6.192 ; 6.192 ; 6.192 ; 6.192 ;
; MIR[3]     ; OUT_B[31]   ; 4.794 ; 4.794 ; 4.794 ; 4.794 ;
; MIR[6]     ; MDR_OUT[0]  ;       ; 6.567 ; 6.567 ;       ;
; MIR[6]     ; MDR_OUT[1]  ;       ; 5.133 ; 5.133 ;       ;
; MIR[6]     ; MDR_OUT[2]  ;       ; 6.653 ; 6.653 ;       ;
; MIR[6]     ; MDR_OUT[3]  ;       ; 6.562 ; 6.562 ;       ;
; MIR[6]     ; MDR_OUT[4]  ;       ; 5.127 ; 5.127 ;       ;
; MIR[6]     ; MDR_OUT[5]  ;       ; 6.244 ; 6.244 ;       ;
; MIR[6]     ; MDR_OUT[6]  ;       ; 7.515 ; 7.515 ;       ;
; MIR[6]     ; MDR_OUT[7]  ;       ; 6.591 ; 6.591 ;       ;
; MIR[6]     ; MDR_OUT[8]  ;       ; 5.100 ; 5.100 ;       ;
; MIR[6]     ; MDR_OUT[9]  ;       ; 5.391 ; 5.391 ;       ;
; MIR[6]     ; MDR_OUT[10] ;       ; 4.969 ; 4.969 ;       ;
; MIR[6]     ; MDR_OUT[11] ;       ; 5.087 ; 5.087 ;       ;
; MIR[6]     ; MDR_OUT[12] ;       ; 5.236 ; 5.236 ;       ;
; MIR[6]     ; MDR_OUT[13] ;       ; 6.652 ; 6.652 ;       ;
; MIR[6]     ; MDR_OUT[14] ;       ; 5.133 ; 5.133 ;       ;
; MIR[6]     ; MDR_OUT[15] ;       ; 4.842 ; 4.842 ;       ;
; MIR[6]     ; MDR_OUT[16] ;       ; 6.433 ; 6.433 ;       ;
; MIR[6]     ; MDR_OUT[17] ;       ; 6.591 ; 6.591 ;       ;
; MIR[6]     ; MDR_OUT[18] ;       ; 6.593 ; 6.593 ;       ;
; MIR[6]     ; MDR_OUT[19] ;       ; 5.137 ; 5.137 ;       ;
; MIR[6]     ; MDR_OUT[20] ;       ; 7.194 ; 7.194 ;       ;
; MIR[6]     ; MDR_OUT[21] ;       ; 4.950 ; 4.950 ;       ;
; MIR[6]     ; MDR_OUT[22] ;       ; 6.208 ; 6.208 ;       ;
; MIR[6]     ; MDR_OUT[23] ;       ; 6.249 ; 6.249 ;       ;
; MIR[6]     ; MDR_OUT[24] ;       ; 6.935 ; 6.935 ;       ;
; MIR[6]     ; MDR_OUT[25] ;       ; 6.400 ; 6.400 ;       ;
; MIR[6]     ; MDR_OUT[26] ;       ; 6.574 ; 6.574 ;       ;
; MIR[6]     ; MDR_OUT[27] ;       ; 5.141 ; 5.141 ;       ;
; MIR[6]     ; MDR_OUT[28] ;       ; 6.423 ; 6.423 ;       ;
; MIR[6]     ; MDR_OUT[29] ;       ; 7.210 ; 7.210 ;       ;
; MIR[6]     ; MDR_OUT[30] ;       ; 7.210 ; 7.210 ;       ;
; MIR[6]     ; MDR_OUT[31] ;       ; 7.188 ; 7.188 ;       ;
+------------+-------------+-------+-------+-------+-------+


+----------------------------------------------------------+
; Minimum Propagation Delay                                ;
+------------+-------------+-------+-------+-------+-------+
; Input Port ; Output Port ; RR    ; RF    ; FR    ; FF    ;
+------------+-------------+-------+-------+-------+-------+
; MIR[0]     ; OUT_B[0]    ; 5.550 ; 5.550 ; 5.550 ; 5.550 ;
; MIR[0]     ; OUT_B[1]    ; 6.566 ; 6.566 ; 6.566 ; 6.566 ;
; MIR[0]     ; OUT_B[2]    ; 5.368 ; 5.368 ; 5.368 ; 5.368 ;
; MIR[0]     ; OUT_B[3]    ; 6.341 ; 6.341 ; 6.341 ; 6.341 ;
; MIR[0]     ; OUT_B[4]    ; 6.492 ; 6.492 ; 6.492 ; 6.492 ;
; MIR[0]     ; OUT_B[5]    ; 6.659 ; 6.659 ; 6.659 ; 6.659 ;
; MIR[0]     ; OUT_B[6]    ; 5.147 ; 5.147 ; 5.147 ; 5.147 ;
; MIR[0]     ; OUT_B[7]    ; 6.549 ; 6.549 ; 6.549 ; 6.549 ;
; MIR[0]     ; OUT_B[8]    ; 6.492 ; 6.492 ; 6.492 ; 6.492 ;
; MIR[0]     ; OUT_B[9]    ; 7.343 ; 7.343 ; 7.343 ; 7.343 ;
; MIR[0]     ; OUT_B[10]   ; 7.392 ; 7.392 ; 7.392 ; 7.392 ;
; MIR[0]     ; OUT_B[11]   ; 6.628 ; 6.628 ; 6.628 ; 6.628 ;
; MIR[0]     ; OUT_B[12]   ; 7.673 ; 7.673 ; 7.673 ; 7.673 ;
; MIR[0]     ; OUT_B[13]   ; 7.813 ; 7.813 ; 7.813 ; 7.813 ;
; MIR[0]     ; OUT_B[14]   ; 4.999 ; 4.999 ; 4.999 ; 4.999 ;
; MIR[0]     ; OUT_B[15]   ; 4.858 ; 4.858 ; 4.858 ; 4.858 ;
; MIR[0]     ; OUT_B[16]   ; 4.863 ; 4.863 ; 4.863 ; 4.863 ;
; MIR[0]     ; OUT_B[17]   ; 4.855 ; 4.855 ; 4.855 ; 4.855 ;
; MIR[0]     ; OUT_B[18]   ; 5.708 ; 5.708 ; 5.708 ; 5.708 ;
; MIR[0]     ; OUT_B[19]   ; 6.747 ; 6.747 ; 6.747 ; 6.747 ;
; MIR[0]     ; OUT_B[20]   ; 6.376 ; 6.376 ; 6.376 ; 6.376 ;
; MIR[0]     ; OUT_B[21]   ; 7.293 ; 7.293 ; 7.293 ; 7.293 ;
; MIR[0]     ; OUT_B[22]   ; 4.830 ; 4.830 ; 4.830 ; 4.830 ;
; MIR[0]     ; OUT_B[23]   ; 6.277 ; 6.277 ; 6.277 ; 6.277 ;
; MIR[0]     ; OUT_B[24]   ; 7.595 ; 7.595 ; 7.595 ; 7.595 ;
; MIR[0]     ; OUT_B[25]   ; 6.037 ; 6.037 ; 6.037 ; 6.037 ;
; MIR[0]     ; OUT_B[26]   ; 6.695 ; 6.695 ; 6.695 ; 6.695 ;
; MIR[0]     ; OUT_B[27]   ; 6.980 ; 6.980 ; 6.980 ; 6.980 ;
; MIR[0]     ; OUT_B[28]   ; 6.653 ; 6.653 ; 6.653 ; 6.653 ;
; MIR[0]     ; OUT_B[29]   ; 7.940 ; 7.940 ; 7.940 ; 7.940 ;
; MIR[0]     ; OUT_B[30]   ; 6.276 ; 6.276 ; 6.276 ; 6.276 ;
; MIR[0]     ; OUT_B[31]   ; 4.878 ; 4.878 ; 4.878 ; 4.878 ;
; MIR[1]     ; OUT_B[0]    ; 5.568 ; 5.568 ; 5.568 ; 5.568 ;
; MIR[1]     ; OUT_B[1]    ; 6.584 ; 6.584 ; 6.584 ; 6.584 ;
; MIR[1]     ; OUT_B[2]    ; 5.386 ; 5.386 ; 5.386 ; 5.386 ;
; MIR[1]     ; OUT_B[3]    ; 6.359 ; 6.359 ; 6.359 ; 6.359 ;
; MIR[1]     ; OUT_B[4]    ; 6.510 ; 6.510 ; 6.510 ; 6.510 ;
; MIR[1]     ; OUT_B[5]    ; 6.677 ; 6.677 ; 6.677 ; 6.677 ;
; MIR[1]     ; OUT_B[6]    ; 5.165 ; 5.165 ; 5.165 ; 5.165 ;
; MIR[1]     ; OUT_B[7]    ; 6.567 ; 6.567 ; 6.567 ; 6.567 ;
; MIR[1]     ; OUT_B[8]    ; 6.510 ; 6.510 ; 6.510 ; 6.510 ;
; MIR[1]     ; OUT_B[9]    ; 7.361 ; 7.361 ; 7.361 ; 7.361 ;
; MIR[1]     ; OUT_B[10]   ; 7.410 ; 7.410 ; 7.410 ; 7.410 ;
; MIR[1]     ; OUT_B[11]   ; 6.646 ; 6.646 ; 6.646 ; 6.646 ;
; MIR[1]     ; OUT_B[12]   ; 7.691 ; 7.691 ; 7.691 ; 7.691 ;
; MIR[1]     ; OUT_B[13]   ; 7.831 ; 7.831 ; 7.831 ; 7.831 ;
; MIR[1]     ; OUT_B[14]   ; 5.017 ; 5.017 ; 5.017 ; 5.017 ;
; MIR[1]     ; OUT_B[15]   ; 4.876 ; 4.876 ; 4.876 ; 4.876 ;
; MIR[1]     ; OUT_B[16]   ; 4.881 ; 4.881 ; 4.881 ; 4.881 ;
; MIR[1]     ; OUT_B[17]   ; 4.873 ; 4.873 ; 4.873 ; 4.873 ;
; MIR[1]     ; OUT_B[18]   ; 5.726 ; 5.726 ; 5.726 ; 5.726 ;
; MIR[1]     ; OUT_B[19]   ; 6.765 ; 6.765 ; 6.765 ; 6.765 ;
; MIR[1]     ; OUT_B[20]   ; 6.394 ; 6.394 ; 6.394 ; 6.394 ;
; MIR[1]     ; OUT_B[21]   ; 7.311 ; 7.311 ; 7.311 ; 7.311 ;
; MIR[1]     ; OUT_B[22]   ; 4.848 ; 4.848 ; 4.848 ; 4.848 ;
; MIR[1]     ; OUT_B[23]   ; 6.295 ; 6.295 ; 6.295 ; 6.295 ;
; MIR[1]     ; OUT_B[24]   ; 7.613 ; 7.613 ; 7.613 ; 7.613 ;
; MIR[1]     ; OUT_B[25]   ; 6.055 ; 6.055 ; 6.055 ; 6.055 ;
; MIR[1]     ; OUT_B[26]   ; 6.713 ; 6.713 ; 6.713 ; 6.713 ;
; MIR[1]     ; OUT_B[27]   ; 6.998 ; 6.998 ; 6.998 ; 6.998 ;
; MIR[1]     ; OUT_B[28]   ; 6.671 ; 6.671 ; 6.671 ; 6.671 ;
; MIR[1]     ; OUT_B[29]   ; 7.958 ; 7.958 ; 7.958 ; 7.958 ;
; MIR[1]     ; OUT_B[30]   ; 6.294 ; 6.294 ; 6.294 ; 6.294 ;
; MIR[1]     ; OUT_B[31]   ; 4.896 ; 4.896 ; 4.896 ; 4.896 ;
; MIR[2]     ; OUT_B[0]    ; 5.617 ; 5.617 ; 5.617 ; 5.617 ;
; MIR[2]     ; OUT_B[1]    ; 6.633 ; 6.633 ; 6.633 ; 6.633 ;
; MIR[2]     ; OUT_B[2]    ; 5.435 ; 5.435 ; 5.435 ; 5.435 ;
; MIR[2]     ; OUT_B[3]    ; 6.408 ; 6.408 ; 6.408 ; 6.408 ;
; MIR[2]     ; OUT_B[4]    ; 6.559 ; 6.559 ; 6.559 ; 6.559 ;
; MIR[2]     ; OUT_B[5]    ; 6.726 ; 6.726 ; 6.726 ; 6.726 ;
; MIR[2]     ; OUT_B[6]    ; 5.214 ; 5.214 ; 5.214 ; 5.214 ;
; MIR[2]     ; OUT_B[7]    ; 6.616 ; 6.616 ; 6.616 ; 6.616 ;
; MIR[2]     ; OUT_B[8]    ; 6.559 ; 6.559 ; 6.559 ; 6.559 ;
; MIR[2]     ; OUT_B[9]    ; 7.410 ; 7.410 ; 7.410 ; 7.410 ;
; MIR[2]     ; OUT_B[10]   ; 7.459 ; 7.459 ; 7.459 ; 7.459 ;
; MIR[2]     ; OUT_B[11]   ; 6.695 ; 6.695 ; 6.695 ; 6.695 ;
; MIR[2]     ; OUT_B[12]   ; 7.740 ; 7.740 ; 7.740 ; 7.740 ;
; MIR[2]     ; OUT_B[13]   ; 7.880 ; 7.880 ; 7.880 ; 7.880 ;
; MIR[2]     ; OUT_B[14]   ; 5.066 ; 5.066 ; 5.066 ; 5.066 ;
; MIR[2]     ; OUT_B[15]   ; 4.925 ; 4.925 ; 4.925 ; 4.925 ;
; MIR[2]     ; OUT_B[16]   ; 4.930 ; 4.930 ; 4.930 ; 4.930 ;
; MIR[2]     ; OUT_B[17]   ; 4.922 ; 4.922 ; 4.922 ; 4.922 ;
; MIR[2]     ; OUT_B[18]   ; 5.775 ; 5.775 ; 5.775 ; 5.775 ;
; MIR[2]     ; OUT_B[19]   ; 6.814 ; 6.814 ; 6.814 ; 6.814 ;
; MIR[2]     ; OUT_B[20]   ; 6.443 ; 6.443 ; 6.443 ; 6.443 ;
; MIR[2]     ; OUT_B[21]   ; 7.360 ; 7.360 ; 7.360 ; 7.360 ;
; MIR[2]     ; OUT_B[22]   ; 4.897 ; 4.897 ; 4.897 ; 4.897 ;
; MIR[2]     ; OUT_B[23]   ; 6.344 ; 6.344 ; 6.344 ; 6.344 ;
; MIR[2]     ; OUT_B[24]   ; 7.662 ; 7.662 ; 7.662 ; 7.662 ;
; MIR[2]     ; OUT_B[25]   ; 6.104 ; 6.104 ; 6.104 ; 6.104 ;
; MIR[2]     ; OUT_B[26]   ; 6.762 ; 6.762 ; 6.762 ; 6.762 ;
; MIR[2]     ; OUT_B[27]   ; 7.047 ; 7.047 ; 7.047 ; 7.047 ;
; MIR[2]     ; OUT_B[28]   ; 6.720 ; 6.720 ; 6.720 ; 6.720 ;
; MIR[2]     ; OUT_B[29]   ; 8.007 ; 8.007 ; 8.007 ; 8.007 ;
; MIR[2]     ; OUT_B[30]   ; 6.343 ; 6.343 ; 6.343 ; 6.343 ;
; MIR[2]     ; OUT_B[31]   ; 4.945 ; 4.945 ; 4.945 ; 4.945 ;
; MIR[3]     ; OUT_B[0]    ; 5.466 ; 5.466 ; 5.466 ; 5.466 ;
; MIR[3]     ; OUT_B[1]    ; 6.482 ; 6.482 ; 6.482 ; 6.482 ;
; MIR[3]     ; OUT_B[2]    ; 5.284 ; 5.284 ; 5.284 ; 5.284 ;
; MIR[3]     ; OUT_B[3]    ; 6.257 ; 6.257 ; 6.257 ; 6.257 ;
; MIR[3]     ; OUT_B[4]    ; 6.408 ; 6.408 ; 6.408 ; 6.408 ;
; MIR[3]     ; OUT_B[5]    ; 6.575 ; 6.575 ; 6.575 ; 6.575 ;
; MIR[3]     ; OUT_B[6]    ; 5.063 ; 5.063 ; 5.063 ; 5.063 ;
; MIR[3]     ; OUT_B[7]    ; 6.465 ; 6.465 ; 6.465 ; 6.465 ;
; MIR[3]     ; OUT_B[8]    ; 6.408 ; 6.408 ; 6.408 ; 6.408 ;
; MIR[3]     ; OUT_B[9]    ; 7.259 ; 7.259 ; 7.259 ; 7.259 ;
; MIR[3]     ; OUT_B[10]   ; 7.308 ; 7.308 ; 7.308 ; 7.308 ;
; MIR[3]     ; OUT_B[11]   ; 6.544 ; 6.544 ; 6.544 ; 6.544 ;
; MIR[3]     ; OUT_B[12]   ; 7.589 ; 7.589 ; 7.589 ; 7.589 ;
; MIR[3]     ; OUT_B[13]   ; 7.729 ; 7.729 ; 7.729 ; 7.729 ;
; MIR[3]     ; OUT_B[14]   ; 4.915 ; 4.915 ; 4.915 ; 4.915 ;
; MIR[3]     ; OUT_B[15]   ; 4.774 ; 4.774 ; 4.774 ; 4.774 ;
; MIR[3]     ; OUT_B[16]   ; 4.779 ; 4.779 ; 4.779 ; 4.779 ;
; MIR[3]     ; OUT_B[17]   ; 4.771 ; 4.771 ; 4.771 ; 4.771 ;
; MIR[3]     ; OUT_B[18]   ; 5.624 ; 5.624 ; 5.624 ; 5.624 ;
; MIR[3]     ; OUT_B[19]   ; 6.663 ; 6.663 ; 6.663 ; 6.663 ;
; MIR[3]     ; OUT_B[20]   ; 6.292 ; 6.292 ; 6.292 ; 6.292 ;
; MIR[3]     ; OUT_B[21]   ; 7.209 ; 7.209 ; 7.209 ; 7.209 ;
; MIR[3]     ; OUT_B[22]   ; 4.746 ; 4.746 ; 4.746 ; 4.746 ;
; MIR[3]     ; OUT_B[23]   ; 6.193 ; 6.193 ; 6.193 ; 6.193 ;
; MIR[3]     ; OUT_B[24]   ; 7.511 ; 7.511 ; 7.511 ; 7.511 ;
; MIR[3]     ; OUT_B[25]   ; 5.953 ; 5.953 ; 5.953 ; 5.953 ;
; MIR[3]     ; OUT_B[26]   ; 6.611 ; 6.611 ; 6.611 ; 6.611 ;
; MIR[3]     ; OUT_B[27]   ; 6.896 ; 6.896 ; 6.896 ; 6.896 ;
; MIR[3]     ; OUT_B[28]   ; 6.569 ; 6.569 ; 6.569 ; 6.569 ;
; MIR[3]     ; OUT_B[29]   ; 7.856 ; 7.856 ; 7.856 ; 7.856 ;
; MIR[3]     ; OUT_B[30]   ; 6.192 ; 6.192 ; 6.192 ; 6.192 ;
; MIR[3]     ; OUT_B[31]   ; 4.794 ; 4.794 ; 4.794 ; 4.794 ;
; MIR[6]     ; MDR_OUT[0]  ;       ; 6.567 ; 6.567 ;       ;
; MIR[6]     ; MDR_OUT[1]  ;       ; 5.133 ; 5.133 ;       ;
; MIR[6]     ; MDR_OUT[2]  ;       ; 6.653 ; 6.653 ;       ;
; MIR[6]     ; MDR_OUT[3]  ;       ; 6.562 ; 6.562 ;       ;
; MIR[6]     ; MDR_OUT[4]  ;       ; 5.127 ; 5.127 ;       ;
; MIR[6]     ; MDR_OUT[5]  ;       ; 6.244 ; 6.244 ;       ;
; MIR[6]     ; MDR_OUT[6]  ;       ; 7.515 ; 7.515 ;       ;
; MIR[6]     ; MDR_OUT[7]  ;       ; 6.591 ; 6.591 ;       ;
; MIR[6]     ; MDR_OUT[8]  ;       ; 5.100 ; 5.100 ;       ;
; MIR[6]     ; MDR_OUT[9]  ;       ; 5.391 ; 5.391 ;       ;
; MIR[6]     ; MDR_OUT[10] ;       ; 4.969 ; 4.969 ;       ;
; MIR[6]     ; MDR_OUT[11] ;       ; 5.087 ; 5.087 ;       ;
; MIR[6]     ; MDR_OUT[12] ;       ; 5.236 ; 5.236 ;       ;
; MIR[6]     ; MDR_OUT[13] ;       ; 6.652 ; 6.652 ;       ;
; MIR[6]     ; MDR_OUT[14] ;       ; 5.133 ; 5.133 ;       ;
; MIR[6]     ; MDR_OUT[15] ;       ; 4.842 ; 4.842 ;       ;
; MIR[6]     ; MDR_OUT[16] ;       ; 6.433 ; 6.433 ;       ;
; MIR[6]     ; MDR_OUT[17] ;       ; 6.591 ; 6.591 ;       ;
; MIR[6]     ; MDR_OUT[18] ;       ; 6.593 ; 6.593 ;       ;
; MIR[6]     ; MDR_OUT[19] ;       ; 5.137 ; 5.137 ;       ;
; MIR[6]     ; MDR_OUT[20] ;       ; 7.194 ; 7.194 ;       ;
; MIR[6]     ; MDR_OUT[21] ;       ; 4.950 ; 4.950 ;       ;
; MIR[6]     ; MDR_OUT[22] ;       ; 6.208 ; 6.208 ;       ;
; MIR[6]     ; MDR_OUT[23] ;       ; 6.249 ; 6.249 ;       ;
; MIR[6]     ; MDR_OUT[24] ;       ; 6.935 ; 6.935 ;       ;
; MIR[6]     ; MDR_OUT[25] ;       ; 6.400 ; 6.400 ;       ;
; MIR[6]     ; MDR_OUT[26] ;       ; 6.574 ; 6.574 ;       ;
; MIR[6]     ; MDR_OUT[27] ;       ; 5.141 ; 5.141 ;       ;
; MIR[6]     ; MDR_OUT[28] ;       ; 6.423 ; 6.423 ;       ;
; MIR[6]     ; MDR_OUT[29] ;       ; 7.210 ; 7.210 ;       ;
; MIR[6]     ; MDR_OUT[30] ;       ; 7.210 ; 7.210 ;       ;
; MIR[6]     ; MDR_OUT[31] ;       ; 7.188 ; 7.188 ;       ;
+------------+-------------+-------+-------+-------+-------+


+----------------------------------------------------------------------------+
; Multicorner Timing Analysis Summary                                        ;
+------------------+-------+------+----------+---------+---------------------+
; Clock            ; Setup ; Hold ; Recovery ; Removal ; Minimum Pulse Width ;
+------------------+-------+------+----------+---------+---------------------+
; Worst-case Slack ; N/A   ; N/A  ; N/A      ; N/A     ; N/A                 ;
; Design-wide TNS  ; 0.0   ; 0.0  ; 0.0      ; 0.0     ; 0.0                 ;
+------------------+-------+------+----------+---------+---------------------+


+--------------------------------------------------------------+
; Progagation Delay                                            ;
+------------+-------------+--------+--------+--------+--------+
; Input Port ; Output Port ; RR     ; RF     ; FR     ; FF     ;
+------------+-------------+--------+--------+--------+--------+
; MIR[0]     ; OUT_B[0]    ; 12.705 ; 12.705 ; 12.705 ; 12.705 ;
; MIR[0]     ; OUT_B[1]    ; 15.769 ; 15.769 ; 15.769 ; 15.769 ;
; MIR[0]     ; OUT_B[2]    ; 12.298 ; 12.298 ; 12.298 ; 12.298 ;
; MIR[0]     ; OUT_B[3]    ; 15.137 ; 15.137 ; 15.137 ; 15.137 ;
; MIR[0]     ; OUT_B[4]    ; 15.709 ; 15.709 ; 15.709 ; 15.709 ;
; MIR[0]     ; OUT_B[5]    ; 16.325 ; 16.325 ; 16.325 ; 16.325 ;
; MIR[0]     ; OUT_B[6]    ; 11.549 ; 11.549 ; 11.549 ; 11.549 ;
; MIR[0]     ; OUT_B[7]    ; 15.745 ; 15.745 ; 15.745 ; 15.745 ;
; MIR[0]     ; OUT_B[8]    ; 15.709 ; 15.709 ; 15.709 ; 15.709 ;
; MIR[0]     ; OUT_B[9]    ; 18.459 ; 18.459 ; 18.459 ; 18.459 ;
; MIR[0]     ; OUT_B[10]   ; 18.765 ; 18.765 ; 18.765 ; 18.765 ;
; MIR[0]     ; OUT_B[11]   ; 16.148 ; 16.148 ; 16.148 ; 16.148 ;
; MIR[0]     ; OUT_B[12]   ; 19.665 ; 19.665 ; 19.665 ; 19.665 ;
; MIR[0]     ; OUT_B[13]   ; 19.882 ; 19.882 ; 19.882 ; 19.882 ;
; MIR[0]     ; OUT_B[14]   ; 11.169 ; 11.169 ; 11.169 ; 11.169 ;
; MIR[0]     ; OUT_B[15]   ; 10.744 ; 10.744 ; 10.744 ; 10.744 ;
; MIR[0]     ; OUT_B[16]   ; 10.746 ; 10.746 ; 10.746 ; 10.746 ;
; MIR[0]     ; OUT_B[17]   ; 10.737 ; 10.737 ; 10.737 ; 10.737 ;
; MIR[0]     ; OUT_B[18]   ; 13.400 ; 13.400 ; 13.400 ; 13.400 ;
; MIR[0]     ; OUT_B[19]   ; 16.384 ; 16.384 ; 16.384 ; 16.384 ;
; MIR[0]     ; OUT_B[20]   ; 15.190 ; 15.190 ; 15.190 ; 15.190 ;
; MIR[0]     ; OUT_B[21]   ; 18.418 ; 18.418 ; 18.418 ; 18.418 ;
; MIR[0]     ; OUT_B[22]   ; 10.712 ; 10.712 ; 10.712 ; 10.712 ;
; MIR[0]     ; OUT_B[23]   ; 14.984 ; 14.984 ; 14.984 ; 14.984 ;
; MIR[0]     ; OUT_B[24]   ; 19.126 ; 19.126 ; 19.126 ; 19.126 ;
; MIR[0]     ; OUT_B[25]   ; 14.408 ; 14.408 ; 14.408 ; 14.408 ;
; MIR[0]     ; OUT_B[26]   ; 16.247 ; 16.247 ; 16.247 ; 16.247 ;
; MIR[0]     ; OUT_B[27]   ; 17.446 ; 17.446 ; 17.446 ; 17.446 ;
; MIR[0]     ; OUT_B[28]   ; 16.204 ; 16.204 ; 16.204 ; 16.204 ;
; MIR[0]     ; OUT_B[29]   ; 20.292 ; 20.292 ; 20.292 ; 20.292 ;
; MIR[0]     ; OUT_B[30]   ; 15.055 ; 15.055 ; 15.055 ; 15.055 ;
; MIR[0]     ; OUT_B[31]   ; 10.764 ; 10.764 ; 10.764 ; 10.764 ;
; MIR[1]     ; OUT_B[0]    ; 12.898 ; 12.898 ; 12.898 ; 12.898 ;
; MIR[1]     ; OUT_B[1]    ; 15.962 ; 15.962 ; 15.962 ; 15.962 ;
; MIR[1]     ; OUT_B[2]    ; 12.491 ; 12.491 ; 12.491 ; 12.491 ;
; MIR[1]     ; OUT_B[3]    ; 15.330 ; 15.330 ; 15.330 ; 15.330 ;
; MIR[1]     ; OUT_B[4]    ; 15.902 ; 15.902 ; 15.902 ; 15.902 ;
; MIR[1]     ; OUT_B[5]    ; 16.518 ; 16.518 ; 16.518 ; 16.518 ;
; MIR[1]     ; OUT_B[6]    ; 11.742 ; 11.742 ; 11.742 ; 11.742 ;
; MIR[1]     ; OUT_B[7]    ; 15.938 ; 15.938 ; 15.938 ; 15.938 ;
; MIR[1]     ; OUT_B[8]    ; 15.902 ; 15.902 ; 15.902 ; 15.902 ;
; MIR[1]     ; OUT_B[9]    ; 18.652 ; 18.652 ; 18.652 ; 18.652 ;
; MIR[1]     ; OUT_B[10]   ; 18.958 ; 18.958 ; 18.958 ; 18.958 ;
; MIR[1]     ; OUT_B[11]   ; 16.341 ; 16.341 ; 16.341 ; 16.341 ;
; MIR[1]     ; OUT_B[12]   ; 19.858 ; 19.858 ; 19.858 ; 19.858 ;
; MIR[1]     ; OUT_B[13]   ; 20.075 ; 20.075 ; 20.075 ; 20.075 ;
; MIR[1]     ; OUT_B[14]   ; 11.362 ; 11.362 ; 11.362 ; 11.362 ;
; MIR[1]     ; OUT_B[15]   ; 10.937 ; 10.937 ; 10.937 ; 10.937 ;
; MIR[1]     ; OUT_B[16]   ; 10.939 ; 10.939 ; 10.939 ; 10.939 ;
; MIR[1]     ; OUT_B[17]   ; 10.930 ; 10.930 ; 10.930 ; 10.930 ;
; MIR[1]     ; OUT_B[18]   ; 13.593 ; 13.593 ; 13.593 ; 13.593 ;
; MIR[1]     ; OUT_B[19]   ; 16.577 ; 16.577 ; 16.577 ; 16.577 ;
; MIR[1]     ; OUT_B[20]   ; 15.383 ; 15.383 ; 15.383 ; 15.383 ;
; MIR[1]     ; OUT_B[21]   ; 18.611 ; 18.611 ; 18.611 ; 18.611 ;
; MIR[1]     ; OUT_B[22]   ; 10.905 ; 10.905 ; 10.905 ; 10.905 ;
; MIR[1]     ; OUT_B[23]   ; 15.177 ; 15.177 ; 15.177 ; 15.177 ;
; MIR[1]     ; OUT_B[24]   ; 19.319 ; 19.319 ; 19.319 ; 19.319 ;
; MIR[1]     ; OUT_B[25]   ; 14.601 ; 14.601 ; 14.601 ; 14.601 ;
; MIR[1]     ; OUT_B[26]   ; 16.440 ; 16.440 ; 16.440 ; 16.440 ;
; MIR[1]     ; OUT_B[27]   ; 17.639 ; 17.639 ; 17.639 ; 17.639 ;
; MIR[1]     ; OUT_B[28]   ; 16.397 ; 16.397 ; 16.397 ; 16.397 ;
; MIR[1]     ; OUT_B[29]   ; 20.485 ; 20.485 ; 20.485 ; 20.485 ;
; MIR[1]     ; OUT_B[30]   ; 15.248 ; 15.248 ; 15.248 ; 15.248 ;
; MIR[1]     ; OUT_B[31]   ; 10.957 ; 10.957 ; 10.957 ; 10.957 ;
; MIR[2]     ; OUT_B[0]    ; 12.993 ; 12.993 ; 12.993 ; 12.993 ;
; MIR[2]     ; OUT_B[1]    ; 16.057 ; 16.057 ; 16.057 ; 16.057 ;
; MIR[2]     ; OUT_B[2]    ; 12.586 ; 12.586 ; 12.586 ; 12.586 ;
; MIR[2]     ; OUT_B[3]    ; 15.425 ; 15.425 ; 15.425 ; 15.425 ;
; MIR[2]     ; OUT_B[4]    ; 15.997 ; 15.997 ; 15.997 ; 15.997 ;
; MIR[2]     ; OUT_B[5]    ; 16.613 ; 16.613 ; 16.613 ; 16.613 ;
; MIR[2]     ; OUT_B[6]    ; 11.837 ; 11.837 ; 11.837 ; 11.837 ;
; MIR[2]     ; OUT_B[7]    ; 16.033 ; 16.033 ; 16.033 ; 16.033 ;
; MIR[2]     ; OUT_B[8]    ; 15.997 ; 15.997 ; 15.997 ; 15.997 ;
; MIR[2]     ; OUT_B[9]    ; 18.747 ; 18.747 ; 18.747 ; 18.747 ;
; MIR[2]     ; OUT_B[10]   ; 19.053 ; 19.053 ; 19.053 ; 19.053 ;
; MIR[2]     ; OUT_B[11]   ; 16.436 ; 16.436 ; 16.436 ; 16.436 ;
; MIR[2]     ; OUT_B[12]   ; 19.953 ; 19.953 ; 19.953 ; 19.953 ;
; MIR[2]     ; OUT_B[13]   ; 20.170 ; 20.170 ; 20.170 ; 20.170 ;
; MIR[2]     ; OUT_B[14]   ; 11.457 ; 11.457 ; 11.457 ; 11.457 ;
; MIR[2]     ; OUT_B[15]   ; 11.032 ; 11.032 ; 11.032 ; 11.032 ;
; MIR[2]     ; OUT_B[16]   ; 11.034 ; 11.034 ; 11.034 ; 11.034 ;
; MIR[2]     ; OUT_B[17]   ; 11.025 ; 11.025 ; 11.025 ; 11.025 ;
; MIR[2]     ; OUT_B[18]   ; 13.688 ; 13.688 ; 13.688 ; 13.688 ;
; MIR[2]     ; OUT_B[19]   ; 16.672 ; 16.672 ; 16.672 ; 16.672 ;
; MIR[2]     ; OUT_B[20]   ; 15.478 ; 15.478 ; 15.478 ; 15.478 ;
; MIR[2]     ; OUT_B[21]   ; 18.706 ; 18.706 ; 18.706 ; 18.706 ;
; MIR[2]     ; OUT_B[22]   ; 11.000 ; 11.000 ; 11.000 ; 11.000 ;
; MIR[2]     ; OUT_B[23]   ; 15.272 ; 15.272 ; 15.272 ; 15.272 ;
; MIR[2]     ; OUT_B[24]   ; 19.414 ; 19.414 ; 19.414 ; 19.414 ;
; MIR[2]     ; OUT_B[25]   ; 14.696 ; 14.696 ; 14.696 ; 14.696 ;
; MIR[2]     ; OUT_B[26]   ; 16.535 ; 16.535 ; 16.535 ; 16.535 ;
; MIR[2]     ; OUT_B[27]   ; 17.734 ; 17.734 ; 17.734 ; 17.734 ;
; MIR[2]     ; OUT_B[28]   ; 16.492 ; 16.492 ; 16.492 ; 16.492 ;
; MIR[2]     ; OUT_B[29]   ; 20.580 ; 20.580 ; 20.580 ; 20.580 ;
; MIR[2]     ; OUT_B[30]   ; 15.343 ; 15.343 ; 15.343 ; 15.343 ;
; MIR[2]     ; OUT_B[31]   ; 11.052 ; 11.052 ; 11.052 ; 11.052 ;
; MIR[3]     ; OUT_B[0]    ; 12.494 ; 12.494 ; 12.494 ; 12.494 ;
; MIR[3]     ; OUT_B[1]    ; 15.558 ; 15.558 ; 15.558 ; 15.558 ;
; MIR[3]     ; OUT_B[2]    ; 12.087 ; 12.087 ; 12.087 ; 12.087 ;
; MIR[3]     ; OUT_B[3]    ; 14.926 ; 14.926 ; 14.926 ; 14.926 ;
; MIR[3]     ; OUT_B[4]    ; 15.498 ; 15.498 ; 15.498 ; 15.498 ;
; MIR[3]     ; OUT_B[5]    ; 16.114 ; 16.114 ; 16.114 ; 16.114 ;
; MIR[3]     ; OUT_B[6]    ; 11.338 ; 11.338 ; 11.338 ; 11.338 ;
; MIR[3]     ; OUT_B[7]    ; 15.534 ; 15.534 ; 15.534 ; 15.534 ;
; MIR[3]     ; OUT_B[8]    ; 15.498 ; 15.498 ; 15.498 ; 15.498 ;
; MIR[3]     ; OUT_B[9]    ; 18.248 ; 18.248 ; 18.248 ; 18.248 ;
; MIR[3]     ; OUT_B[10]   ; 18.554 ; 18.554 ; 18.554 ; 18.554 ;
; MIR[3]     ; OUT_B[11]   ; 15.937 ; 15.937 ; 15.937 ; 15.937 ;
; MIR[3]     ; OUT_B[12]   ; 19.454 ; 19.454 ; 19.454 ; 19.454 ;
; MIR[3]     ; OUT_B[13]   ; 19.671 ; 19.671 ; 19.671 ; 19.671 ;
; MIR[3]     ; OUT_B[14]   ; 10.958 ; 10.958 ; 10.958 ; 10.958 ;
; MIR[3]     ; OUT_B[15]   ; 10.533 ; 10.533 ; 10.533 ; 10.533 ;
; MIR[3]     ; OUT_B[16]   ; 10.535 ; 10.535 ; 10.535 ; 10.535 ;
; MIR[3]     ; OUT_B[17]   ; 10.526 ; 10.526 ; 10.526 ; 10.526 ;
; MIR[3]     ; OUT_B[18]   ; 13.189 ; 13.189 ; 13.189 ; 13.189 ;
; MIR[3]     ; OUT_B[19]   ; 16.173 ; 16.173 ; 16.173 ; 16.173 ;
; MIR[3]     ; OUT_B[20]   ; 14.979 ; 14.979 ; 14.979 ; 14.979 ;
; MIR[3]     ; OUT_B[21]   ; 18.207 ; 18.207 ; 18.207 ; 18.207 ;
; MIR[3]     ; OUT_B[22]   ; 10.501 ; 10.501 ; 10.501 ; 10.501 ;
; MIR[3]     ; OUT_B[23]   ; 14.773 ; 14.773 ; 14.773 ; 14.773 ;
; MIR[3]     ; OUT_B[24]   ; 18.915 ; 18.915 ; 18.915 ; 18.915 ;
; MIR[3]     ; OUT_B[25]   ; 14.197 ; 14.197 ; 14.197 ; 14.197 ;
; MIR[3]     ; OUT_B[26]   ; 16.036 ; 16.036 ; 16.036 ; 16.036 ;
; MIR[3]     ; OUT_B[27]   ; 17.235 ; 17.235 ; 17.235 ; 17.235 ;
; MIR[3]     ; OUT_B[28]   ; 15.993 ; 15.993 ; 15.993 ; 15.993 ;
; MIR[3]     ; OUT_B[29]   ; 20.081 ; 20.081 ; 20.081 ; 20.081 ;
; MIR[3]     ; OUT_B[30]   ; 14.844 ; 14.844 ; 14.844 ; 14.844 ;
; MIR[3]     ; OUT_B[31]   ; 10.553 ; 10.553 ; 10.553 ; 10.553 ;
; MIR[6]     ; MDR_OUT[0]  ;        ; 15.000 ; 15.000 ;        ;
; MIR[6]     ; MDR_OUT[1]  ;        ; 11.294 ; 11.294 ;        ;
; MIR[6]     ; MDR_OUT[2]  ;        ; 15.087 ; 15.087 ;        ;
; MIR[6]     ; MDR_OUT[3]  ;        ; 15.099 ; 15.099 ;        ;
; MIR[6]     ; MDR_OUT[4]  ;        ; 11.287 ; 11.287 ;        ;
; MIR[6]     ; MDR_OUT[5]  ;        ; 14.260 ; 14.260 ;        ;
; MIR[6]     ; MDR_OUT[6]  ;        ; 18.012 ; 18.012 ;        ;
; MIR[6]     ; MDR_OUT[7]  ;        ; 15.129 ; 15.129 ;        ;
; MIR[6]     ; MDR_OUT[8]  ;        ; 11.260 ; 11.260 ;        ;
; MIR[6]     ; MDR_OUT[9]  ;        ; 11.970 ; 11.970 ;        ;
; MIR[6]     ; MDR_OUT[10] ;        ; 11.023 ; 11.023 ;        ;
; MIR[6]     ; MDR_OUT[11] ;        ; 11.249 ; 11.249 ;        ;
; MIR[6]     ; MDR_OUT[12] ;        ; 11.896 ; 11.896 ;        ;
; MIR[6]     ; MDR_OUT[13] ;        ; 15.092 ; 15.092 ;        ;
; MIR[6]     ; MDR_OUT[14] ;        ; 11.294 ; 11.294 ;        ;
; MIR[6]     ; MDR_OUT[15] ;        ; 10.548 ; 10.548 ;        ;
; MIR[6]     ; MDR_OUT[16] ;        ; 14.802 ; 14.802 ;        ;
; MIR[6]     ; MDR_OUT[17] ;        ; 15.129 ; 15.129 ;        ;
; MIR[6]     ; MDR_OUT[18] ;        ; 15.027 ; 15.027 ;        ;
; MIR[6]     ; MDR_OUT[19] ;        ; 11.297 ; 11.297 ;        ;
; MIR[6]     ; MDR_OUT[20] ;        ; 17.102 ; 17.102 ;        ;
; MIR[6]     ; MDR_OUT[21] ;        ; 11.013 ; 11.013 ;        ;
; MIR[6]     ; MDR_OUT[22] ;        ; 14.150 ; 14.150 ;        ;
; MIR[6]     ; MDR_OUT[23] ;        ; 14.270 ; 14.270 ;        ;
; MIR[6]     ; MDR_OUT[24] ;        ; 16.258 ; 16.258 ;        ;
; MIR[6]     ; MDR_OUT[25] ;        ; 14.429 ; 14.429 ;        ;
; MIR[6]     ; MDR_OUT[26] ;        ; 15.102 ; 15.102 ;        ;
; MIR[6]     ; MDR_OUT[27] ;        ; 11.517 ; 11.517 ;        ;
; MIR[6]     ; MDR_OUT[28] ;        ; 14.678 ; 14.678 ;        ;
; MIR[6]     ; MDR_OUT[29] ;        ; 17.119 ; 17.119 ;        ;
; MIR[6]     ; MDR_OUT[30] ;        ; 17.119 ; 17.119 ;        ;
; MIR[6]     ; MDR_OUT[31] ;        ; 17.118 ; 17.118 ;        ;
+------------+-------------+--------+--------+--------+--------+


+----------------------------------------------------------+
; Minimum Progagation Delay                                ;
+------------+-------------+-------+-------+-------+-------+
; Input Port ; Output Port ; RR    ; RF    ; FR    ; FF    ;
+------------+-------------+-------+-------+-------+-------+
; MIR[0]     ; OUT_B[0]    ; 5.550 ; 5.550 ; 5.550 ; 5.550 ;
; MIR[0]     ; OUT_B[1]    ; 6.566 ; 6.566 ; 6.566 ; 6.566 ;
; MIR[0]     ; OUT_B[2]    ; 5.368 ; 5.368 ; 5.368 ; 5.368 ;
; MIR[0]     ; OUT_B[3]    ; 6.341 ; 6.341 ; 6.341 ; 6.341 ;
; MIR[0]     ; OUT_B[4]    ; 6.492 ; 6.492 ; 6.492 ; 6.492 ;
; MIR[0]     ; OUT_B[5]    ; 6.659 ; 6.659 ; 6.659 ; 6.659 ;
; MIR[0]     ; OUT_B[6]    ; 5.147 ; 5.147 ; 5.147 ; 5.147 ;
; MIR[0]     ; OUT_B[7]    ; 6.549 ; 6.549 ; 6.549 ; 6.549 ;
; MIR[0]     ; OUT_B[8]    ; 6.492 ; 6.492 ; 6.492 ; 6.492 ;
; MIR[0]     ; OUT_B[9]    ; 7.343 ; 7.343 ; 7.343 ; 7.343 ;
; MIR[0]     ; OUT_B[10]   ; 7.392 ; 7.392 ; 7.392 ; 7.392 ;
; MIR[0]     ; OUT_B[11]   ; 6.628 ; 6.628 ; 6.628 ; 6.628 ;
; MIR[0]     ; OUT_B[12]   ; 7.673 ; 7.673 ; 7.673 ; 7.673 ;
; MIR[0]     ; OUT_B[13]   ; 7.813 ; 7.813 ; 7.813 ; 7.813 ;
; MIR[0]     ; OUT_B[14]   ; 4.999 ; 4.999 ; 4.999 ; 4.999 ;
; MIR[0]     ; OUT_B[15]   ; 4.858 ; 4.858 ; 4.858 ; 4.858 ;
; MIR[0]     ; OUT_B[16]   ; 4.863 ; 4.863 ; 4.863 ; 4.863 ;
; MIR[0]     ; OUT_B[17]   ; 4.855 ; 4.855 ; 4.855 ; 4.855 ;
; MIR[0]     ; OUT_B[18]   ; 5.708 ; 5.708 ; 5.708 ; 5.708 ;
; MIR[0]     ; OUT_B[19]   ; 6.747 ; 6.747 ; 6.747 ; 6.747 ;
; MIR[0]     ; OUT_B[20]   ; 6.376 ; 6.376 ; 6.376 ; 6.376 ;
; MIR[0]     ; OUT_B[21]   ; 7.293 ; 7.293 ; 7.293 ; 7.293 ;
; MIR[0]     ; OUT_B[22]   ; 4.830 ; 4.830 ; 4.830 ; 4.830 ;
; MIR[0]     ; OUT_B[23]   ; 6.277 ; 6.277 ; 6.277 ; 6.277 ;
; MIR[0]     ; OUT_B[24]   ; 7.595 ; 7.595 ; 7.595 ; 7.595 ;
; MIR[0]     ; OUT_B[25]   ; 6.037 ; 6.037 ; 6.037 ; 6.037 ;
; MIR[0]     ; OUT_B[26]   ; 6.695 ; 6.695 ; 6.695 ; 6.695 ;
; MIR[0]     ; OUT_B[27]   ; 6.980 ; 6.980 ; 6.980 ; 6.980 ;
; MIR[0]     ; OUT_B[28]   ; 6.653 ; 6.653 ; 6.653 ; 6.653 ;
; MIR[0]     ; OUT_B[29]   ; 7.940 ; 7.940 ; 7.940 ; 7.940 ;
; MIR[0]     ; OUT_B[30]   ; 6.276 ; 6.276 ; 6.276 ; 6.276 ;
; MIR[0]     ; OUT_B[31]   ; 4.878 ; 4.878 ; 4.878 ; 4.878 ;
; MIR[1]     ; OUT_B[0]    ; 5.568 ; 5.568 ; 5.568 ; 5.568 ;
; MIR[1]     ; OUT_B[1]    ; 6.584 ; 6.584 ; 6.584 ; 6.584 ;
; MIR[1]     ; OUT_B[2]    ; 5.386 ; 5.386 ; 5.386 ; 5.386 ;
; MIR[1]     ; OUT_B[3]    ; 6.359 ; 6.359 ; 6.359 ; 6.359 ;
; MIR[1]     ; OUT_B[4]    ; 6.510 ; 6.510 ; 6.510 ; 6.510 ;
; MIR[1]     ; OUT_B[5]    ; 6.677 ; 6.677 ; 6.677 ; 6.677 ;
; MIR[1]     ; OUT_B[6]    ; 5.165 ; 5.165 ; 5.165 ; 5.165 ;
; MIR[1]     ; OUT_B[7]    ; 6.567 ; 6.567 ; 6.567 ; 6.567 ;
; MIR[1]     ; OUT_B[8]    ; 6.510 ; 6.510 ; 6.510 ; 6.510 ;
; MIR[1]     ; OUT_B[9]    ; 7.361 ; 7.361 ; 7.361 ; 7.361 ;
; MIR[1]     ; OUT_B[10]   ; 7.410 ; 7.410 ; 7.410 ; 7.410 ;
; MIR[1]     ; OUT_B[11]   ; 6.646 ; 6.646 ; 6.646 ; 6.646 ;
; MIR[1]     ; OUT_B[12]   ; 7.691 ; 7.691 ; 7.691 ; 7.691 ;
; MIR[1]     ; OUT_B[13]   ; 7.831 ; 7.831 ; 7.831 ; 7.831 ;
; MIR[1]     ; OUT_B[14]   ; 5.017 ; 5.017 ; 5.017 ; 5.017 ;
; MIR[1]     ; OUT_B[15]   ; 4.876 ; 4.876 ; 4.876 ; 4.876 ;
; MIR[1]     ; OUT_B[16]   ; 4.881 ; 4.881 ; 4.881 ; 4.881 ;
; MIR[1]     ; OUT_B[17]   ; 4.873 ; 4.873 ; 4.873 ; 4.873 ;
; MIR[1]     ; OUT_B[18]   ; 5.726 ; 5.726 ; 5.726 ; 5.726 ;
; MIR[1]     ; OUT_B[19]   ; 6.765 ; 6.765 ; 6.765 ; 6.765 ;
; MIR[1]     ; OUT_B[20]   ; 6.394 ; 6.394 ; 6.394 ; 6.394 ;
; MIR[1]     ; OUT_B[21]   ; 7.311 ; 7.311 ; 7.311 ; 7.311 ;
; MIR[1]     ; OUT_B[22]   ; 4.848 ; 4.848 ; 4.848 ; 4.848 ;
; MIR[1]     ; OUT_B[23]   ; 6.295 ; 6.295 ; 6.295 ; 6.295 ;
; MIR[1]     ; OUT_B[24]   ; 7.613 ; 7.613 ; 7.613 ; 7.613 ;
; MIR[1]     ; OUT_B[25]   ; 6.055 ; 6.055 ; 6.055 ; 6.055 ;
; MIR[1]     ; OUT_B[26]   ; 6.713 ; 6.713 ; 6.713 ; 6.713 ;
; MIR[1]     ; OUT_B[27]   ; 6.998 ; 6.998 ; 6.998 ; 6.998 ;
; MIR[1]     ; OUT_B[28]   ; 6.671 ; 6.671 ; 6.671 ; 6.671 ;
; MIR[1]     ; OUT_B[29]   ; 7.958 ; 7.958 ; 7.958 ; 7.958 ;
; MIR[1]     ; OUT_B[30]   ; 6.294 ; 6.294 ; 6.294 ; 6.294 ;
; MIR[1]     ; OUT_B[31]   ; 4.896 ; 4.896 ; 4.896 ; 4.896 ;
; MIR[2]     ; OUT_B[0]    ; 5.617 ; 5.617 ; 5.617 ; 5.617 ;
; MIR[2]     ; OUT_B[1]    ; 6.633 ; 6.633 ; 6.633 ; 6.633 ;
; MIR[2]     ; OUT_B[2]    ; 5.435 ; 5.435 ; 5.435 ; 5.435 ;
; MIR[2]     ; OUT_B[3]    ; 6.408 ; 6.408 ; 6.408 ; 6.408 ;
; MIR[2]     ; OUT_B[4]    ; 6.559 ; 6.559 ; 6.559 ; 6.559 ;
; MIR[2]     ; OUT_B[5]    ; 6.726 ; 6.726 ; 6.726 ; 6.726 ;
; MIR[2]     ; OUT_B[6]    ; 5.214 ; 5.214 ; 5.214 ; 5.214 ;
; MIR[2]     ; OUT_B[7]    ; 6.616 ; 6.616 ; 6.616 ; 6.616 ;
; MIR[2]     ; OUT_B[8]    ; 6.559 ; 6.559 ; 6.559 ; 6.559 ;
; MIR[2]     ; OUT_B[9]    ; 7.410 ; 7.410 ; 7.410 ; 7.410 ;
; MIR[2]     ; OUT_B[10]   ; 7.459 ; 7.459 ; 7.459 ; 7.459 ;
; MIR[2]     ; OUT_B[11]   ; 6.695 ; 6.695 ; 6.695 ; 6.695 ;
; MIR[2]     ; OUT_B[12]   ; 7.740 ; 7.740 ; 7.740 ; 7.740 ;
; MIR[2]     ; OUT_B[13]   ; 7.880 ; 7.880 ; 7.880 ; 7.880 ;
; MIR[2]     ; OUT_B[14]   ; 5.066 ; 5.066 ; 5.066 ; 5.066 ;
; MIR[2]     ; OUT_B[15]   ; 4.925 ; 4.925 ; 4.925 ; 4.925 ;
; MIR[2]     ; OUT_B[16]   ; 4.930 ; 4.930 ; 4.930 ; 4.930 ;
; MIR[2]     ; OUT_B[17]   ; 4.922 ; 4.922 ; 4.922 ; 4.922 ;
; MIR[2]     ; OUT_B[18]   ; 5.775 ; 5.775 ; 5.775 ; 5.775 ;
; MIR[2]     ; OUT_B[19]   ; 6.814 ; 6.814 ; 6.814 ; 6.814 ;
; MIR[2]     ; OUT_B[20]   ; 6.443 ; 6.443 ; 6.443 ; 6.443 ;
; MIR[2]     ; OUT_B[21]   ; 7.360 ; 7.360 ; 7.360 ; 7.360 ;
; MIR[2]     ; OUT_B[22]   ; 4.897 ; 4.897 ; 4.897 ; 4.897 ;
; MIR[2]     ; OUT_B[23]   ; 6.344 ; 6.344 ; 6.344 ; 6.344 ;
; MIR[2]     ; OUT_B[24]   ; 7.662 ; 7.662 ; 7.662 ; 7.662 ;
; MIR[2]     ; OUT_B[25]   ; 6.104 ; 6.104 ; 6.104 ; 6.104 ;
; MIR[2]     ; OUT_B[26]   ; 6.762 ; 6.762 ; 6.762 ; 6.762 ;
; MIR[2]     ; OUT_B[27]   ; 7.047 ; 7.047 ; 7.047 ; 7.047 ;
; MIR[2]     ; OUT_B[28]   ; 6.720 ; 6.720 ; 6.720 ; 6.720 ;
; MIR[2]     ; OUT_B[29]   ; 8.007 ; 8.007 ; 8.007 ; 8.007 ;
; MIR[2]     ; OUT_B[30]   ; 6.343 ; 6.343 ; 6.343 ; 6.343 ;
; MIR[2]     ; OUT_B[31]   ; 4.945 ; 4.945 ; 4.945 ; 4.945 ;
; MIR[3]     ; OUT_B[0]    ; 5.466 ; 5.466 ; 5.466 ; 5.466 ;
; MIR[3]     ; OUT_B[1]    ; 6.482 ; 6.482 ; 6.482 ; 6.482 ;
; MIR[3]     ; OUT_B[2]    ; 5.284 ; 5.284 ; 5.284 ; 5.284 ;
; MIR[3]     ; OUT_B[3]    ; 6.257 ; 6.257 ; 6.257 ; 6.257 ;
; MIR[3]     ; OUT_B[4]    ; 6.408 ; 6.408 ; 6.408 ; 6.408 ;
; MIR[3]     ; OUT_B[5]    ; 6.575 ; 6.575 ; 6.575 ; 6.575 ;
; MIR[3]     ; OUT_B[6]    ; 5.063 ; 5.063 ; 5.063 ; 5.063 ;
; MIR[3]     ; OUT_B[7]    ; 6.465 ; 6.465 ; 6.465 ; 6.465 ;
; MIR[3]     ; OUT_B[8]    ; 6.408 ; 6.408 ; 6.408 ; 6.408 ;
; MIR[3]     ; OUT_B[9]    ; 7.259 ; 7.259 ; 7.259 ; 7.259 ;
; MIR[3]     ; OUT_B[10]   ; 7.308 ; 7.308 ; 7.308 ; 7.308 ;
; MIR[3]     ; OUT_B[11]   ; 6.544 ; 6.544 ; 6.544 ; 6.544 ;
; MIR[3]     ; OUT_B[12]   ; 7.589 ; 7.589 ; 7.589 ; 7.589 ;
; MIR[3]     ; OUT_B[13]   ; 7.729 ; 7.729 ; 7.729 ; 7.729 ;
; MIR[3]     ; OUT_B[14]   ; 4.915 ; 4.915 ; 4.915 ; 4.915 ;
; MIR[3]     ; OUT_B[15]   ; 4.774 ; 4.774 ; 4.774 ; 4.774 ;
; MIR[3]     ; OUT_B[16]   ; 4.779 ; 4.779 ; 4.779 ; 4.779 ;
; MIR[3]     ; OUT_B[17]   ; 4.771 ; 4.771 ; 4.771 ; 4.771 ;
; MIR[3]     ; OUT_B[18]   ; 5.624 ; 5.624 ; 5.624 ; 5.624 ;
; MIR[3]     ; OUT_B[19]   ; 6.663 ; 6.663 ; 6.663 ; 6.663 ;
; MIR[3]     ; OUT_B[20]   ; 6.292 ; 6.292 ; 6.292 ; 6.292 ;
; MIR[3]     ; OUT_B[21]   ; 7.209 ; 7.209 ; 7.209 ; 7.209 ;
; MIR[3]     ; OUT_B[22]   ; 4.746 ; 4.746 ; 4.746 ; 4.746 ;
; MIR[3]     ; OUT_B[23]   ; 6.193 ; 6.193 ; 6.193 ; 6.193 ;
; MIR[3]     ; OUT_B[24]   ; 7.511 ; 7.511 ; 7.511 ; 7.511 ;
; MIR[3]     ; OUT_B[25]   ; 5.953 ; 5.953 ; 5.953 ; 5.953 ;
; MIR[3]     ; OUT_B[26]   ; 6.611 ; 6.611 ; 6.611 ; 6.611 ;
; MIR[3]     ; OUT_B[27]   ; 6.896 ; 6.896 ; 6.896 ; 6.896 ;
; MIR[3]     ; OUT_B[28]   ; 6.569 ; 6.569 ; 6.569 ; 6.569 ;
; MIR[3]     ; OUT_B[29]   ; 7.856 ; 7.856 ; 7.856 ; 7.856 ;
; MIR[3]     ; OUT_B[30]   ; 6.192 ; 6.192 ; 6.192 ; 6.192 ;
; MIR[3]     ; OUT_B[31]   ; 4.794 ; 4.794 ; 4.794 ; 4.794 ;
; MIR[6]     ; MDR_OUT[0]  ;       ; 6.567 ; 6.567 ;       ;
; MIR[6]     ; MDR_OUT[1]  ;       ; 5.133 ; 5.133 ;       ;
; MIR[6]     ; MDR_OUT[2]  ;       ; 6.653 ; 6.653 ;       ;
; MIR[6]     ; MDR_OUT[3]  ;       ; 6.562 ; 6.562 ;       ;
; MIR[6]     ; MDR_OUT[4]  ;       ; 5.127 ; 5.127 ;       ;
; MIR[6]     ; MDR_OUT[5]  ;       ; 6.244 ; 6.244 ;       ;
; MIR[6]     ; MDR_OUT[6]  ;       ; 7.515 ; 7.515 ;       ;
; MIR[6]     ; MDR_OUT[7]  ;       ; 6.591 ; 6.591 ;       ;
; MIR[6]     ; MDR_OUT[8]  ;       ; 5.100 ; 5.100 ;       ;
; MIR[6]     ; MDR_OUT[9]  ;       ; 5.391 ; 5.391 ;       ;
; MIR[6]     ; MDR_OUT[10] ;       ; 4.969 ; 4.969 ;       ;
; MIR[6]     ; MDR_OUT[11] ;       ; 5.087 ; 5.087 ;       ;
; MIR[6]     ; MDR_OUT[12] ;       ; 5.236 ; 5.236 ;       ;
; MIR[6]     ; MDR_OUT[13] ;       ; 6.652 ; 6.652 ;       ;
; MIR[6]     ; MDR_OUT[14] ;       ; 5.133 ; 5.133 ;       ;
; MIR[6]     ; MDR_OUT[15] ;       ; 4.842 ; 4.842 ;       ;
; MIR[6]     ; MDR_OUT[16] ;       ; 6.433 ; 6.433 ;       ;
; MIR[6]     ; MDR_OUT[17] ;       ; 6.591 ; 6.591 ;       ;
; MIR[6]     ; MDR_OUT[18] ;       ; 6.593 ; 6.593 ;       ;
; MIR[6]     ; MDR_OUT[19] ;       ; 5.137 ; 5.137 ;       ;
; MIR[6]     ; MDR_OUT[20] ;       ; 7.194 ; 7.194 ;       ;
; MIR[6]     ; MDR_OUT[21] ;       ; 4.950 ; 4.950 ;       ;
; MIR[6]     ; MDR_OUT[22] ;       ; 6.208 ; 6.208 ;       ;
; MIR[6]     ; MDR_OUT[23] ;       ; 6.249 ; 6.249 ;       ;
; MIR[6]     ; MDR_OUT[24] ;       ; 6.935 ; 6.935 ;       ;
; MIR[6]     ; MDR_OUT[25] ;       ; 6.400 ; 6.400 ;       ;
; MIR[6]     ; MDR_OUT[26] ;       ; 6.574 ; 6.574 ;       ;
; MIR[6]     ; MDR_OUT[27] ;       ; 5.141 ; 5.141 ;       ;
; MIR[6]     ; MDR_OUT[28] ;       ; 6.423 ; 6.423 ;       ;
; MIR[6]     ; MDR_OUT[29] ;       ; 7.210 ; 7.210 ;       ;
; MIR[6]     ; MDR_OUT[30] ;       ; 7.210 ; 7.210 ;       ;
; MIR[6]     ; MDR_OUT[31] ;       ; 7.188 ; 7.188 ;       ;
+------------+-------------+-------+-------+-------+-------+


-------------------
; Clock Transfers ;
-------------------
Nothing to report.


---------------
; Report TCCS ;
---------------
No dedicated SERDES Transmitter circuitry present in device or used in design


---------------
; Report RSKM ;
---------------
No dedicated SERDES Receiver circuitry present in device or used in design


+------------------------------------------------+
; Unconstrained Paths                            ;
+---------------------------------+-------+------+
; Property                        ; Setup ; Hold ;
+---------------------------------+-------+------+
; Illegal Clocks                  ; 0     ; 0    ;
; Unconstrained Clocks            ; 0     ; 0    ;
; Unconstrained Input Ports       ; 5     ; 5    ;
; Unconstrained Input Port Paths  ; 160   ; 160  ;
; Unconstrained Output Ports      ; 64    ; 64   ;
; Unconstrained Output Port Paths ; 160   ; 160  ;
+---------------------------------+-------+------+


+------------------------------------+
; TimeQuest Timing Analyzer Messages ;
+------------------------------------+
Info: *******************************************************************
Info: Running Quartus II 64-Bit TimeQuest Timing Analyzer
    Info: Version 13.0.1 Build 232 06/12/2013 Service Pack 1 SJ Web Edition
    Info: Processing started: Mon Aug 19 10:16:58 2024
Info: Command: quartus_sta MIC1 -c MIC1
Info: qsta_default_script.tcl version: #1
Warning (20028): Parallel compilation is not licensed and has been disabled
Info (21077): Low junction temperature is -40 degrees C
Info (21077): High junction temperature is 125 degrees C
Critical Warning (332012): Synopsys Design Constraints File file not found: 'MIC1.sdc'. A Synopsys Design Constraints File is required by the TimeQuest Timing Analyzer to get proper timing constraints. Without it, the Compiler will not properly optimize the design.
Info (332142): No user constrained base clocks found in the design. Calling "derive_clocks -period 1.0"
Info (332096): The command derive_clocks did not find any clocks to derive.  No clocks were created or changed.
Warning (332068): No clocks defined in design.
Info: Found TIMEQUEST_REPORT_SCRIPT_INCLUDE_DEFAULT_ANALYSIS = ON
Info (332159): No clocks to report
Info: Analyzing Slow Model
Info (332140): No fmax paths to report
Info (332140): No Setup paths to report
Info (332140): No Hold paths to report
Info (332140): No Recovery paths to report
Info (332140): No Removal paths to report
Info (332140): No Minimum Pulse Width paths to report
Info (332001): The selected device family is not supported by the report_metastability command.
Info: Analyzing Fast Model
Info (332142): No user constrained base clocks found in the design. Calling "derive_clocks -period 1.0"
Info (332096): The command derive_clocks did not find any clocks to derive.  No clocks were created or changed.
Warning (332068): No clocks defined in design.
Info (332140): No Setup paths to report
Info (332140): No Hold paths to report
Info (332140): No Recovery paths to report
Info (332140): No Removal paths to report
Info (332140): No Minimum Pulse Width paths to report
Info (332001): The selected device family is not supported by the report_metastability command.
Info (332102): Design is not fully constrained for setup requirements
Info (332102): Design is not fully constrained for hold requirements
Info: Quartus II 64-Bit TimeQuest Timing Analyzer was successful. 0 errors, 4 warnings
    Info: Peak virtual memory: 4553 megabytes
    Info: Processing ended: Mon Aug 19 10:16:59 2024
    Info: Elapsed time: 00:00:01
    Info: Total CPU time (on all processors): 00:00:00


